500 0.0025 100 0.5
train dataset shape:  torch.Size([1000, 64, 64, 10]) torch.Size([1000, 64, 64, 10])
test dataset shape:  torch.Size([200, 64, 64, 10]) torch.Size([200, 64, 64, 10])
train dataset shape:  torch.Size([1000, 64, 64, 10, 4]) torch.Size([1000, 64, 64, 10])
test dataset shape:  torch.Size([200, 64, 64, 10, 4]) torch.Size([200, 64, 64, 10])
preprocessing finished, time used: 4.145948091521859
3691157
0 33.02590908296406 0.3392617664337158 0.3392617664337158 0.23093225479125976 0.23093225479125976
1 32.02556714601815 0.18329245018959045 0.18329245018959045 0.15932000875473024 0.15932000875473024
2 32.58775553293526 0.1455261721611023 0.1455261721611023 0.1345790433883667 0.1345790433883667
3 32.551502488553524 0.12727404046058655 0.12727404046058655 0.12592825770378113 0.12592825770378113
4 33.46188698709011 0.11710904359817505 0.11710904359817505 0.11358926177024842 0.11358926177024842
5 33.860332645475864 0.10662730824947357 0.10662730824947357 0.10427405655384064 0.10427405655384064
6 33.67063878662884 0.10001063477993012 0.10001063477993012 0.10435658812522888 0.10435658812522888
7 34.661783657968044 0.09897850322723388 0.09897850322723388 0.09966147422790528 0.09966147422790528
8 32.28280862420797 0.09352443194389343 0.09352443194389343 0.09281034648418426 0.09281034648418426
9 32.12992123328149 0.09039303243160247 0.09039303243160247 0.09479674994945526 0.09479674994945526
10 31.562035650014877 0.0911351169347763 0.0911351169347763 0.09086197674274445 0.09086197674274445
11 31.919618455693126 0.08525725495815277 0.08525725495815277 0.08807893693447114 0.08807893693447114
12 31.591045724228024 0.08407584285736083 0.08407584285736083 0.09008422255516052 0.09008422255516052
13 32.92583674006164 0.08498962783813477 0.08498962783813477 0.0861194771528244 0.0861194771528244
14 32.09511182643473 0.08618485796451568 0.08618485796451568 0.08490261375904083 0.08490261375904083
15 31.87935079820454 0.08038809597492218 0.08038809597492218 0.08081112682819366 0.08081112682819366
16 31.53001689724624 0.07601628494262695 0.07601628494262695 0.08829121053218841 0.08829121053218841
17 32.31168523803353 0.07849436843395233 0.07849436843395233 0.07959407269954681 0.07959407269954681
18 32.05032015033066 0.07818900787830353 0.07818900787830353 0.0844782429933548 0.0844782429933548
19 31.702466372400522 0.07831220722198487 0.07831220722198487 0.08497171640396119 0.08497171640396119
20 32.09035459719598 0.07648877322673797 0.07648877322673797 0.0811032497882843 0.0811032497882843
21 32.24634978920221 0.07743126046657563 0.07743126046657563 0.08015589475631714 0.08015589475631714
22 33.20546612329781 0.07819862055778504 0.07819862055778504 0.08120705187320709 0.08120705187320709
23 32.0400011613965 0.07611096858978271 0.07611096858978271 0.07688532173633575 0.07688532173633575
24 32.176522720605135 0.07361636304855347 0.07361636304855347 0.08144896984100342 0.08144896984100342
25 31.609192471951246 0.07583048439025879 0.07583048439025879 0.08257123291492462 0.08257123291492462
26 32.76421962864697 0.07742942535877227 0.07742942535877227 0.07739575207233429 0.07739575207233429
27 32.02413995191455 0.07465150082111359 0.07465150082111359 0.07608008682727814 0.07608008682727814
28 32.11098527908325 0.07385456645488739 0.07385456645488739 0.08505402028560638 0.08505402028560638
29 31.682934196665883 0.075260387301445 0.075260387301445 0.0786192238330841 0.0786192238330841
30 31.245504297316074 0.07411426150798797 0.07411426150798797 0.07885597944259644 0.07885597944259644
31 32.76973960734904 0.07631056439876556 0.07631056439876556 0.08279142320156098 0.08279142320156098
32 31.34500301256776 0.0719910534620285 0.0719910534620285 0.07559685230255127 0.07559685230255127
33 32.01884777471423 0.07385624408721923 0.07385624408721923 0.07726854979991912 0.07726854979991912
34 31.359298115596175 0.0722452677488327 0.0722452677488327 0.07693945705890655 0.07693945705890655
35 32.26292366348207 0.07095691609382629 0.07095691609382629 0.07537889957427979 0.07537889957427979
36 32.90651711449027 0.07318173921108245 0.07318173921108245 0.07554551839828491 0.07554551839828491
37 31.979324521496892 0.07258147239685059 0.07258147239685059 0.07685250163078308 0.07685250163078308
38 31.806828167289495 0.07256217896938325 0.07256217896938325 0.07667568564414978 0.07667568564414978
39 31.94201433286071 0.07506487548351287 0.07506487548351287 0.07797262251377106 0.07797262251377106
40 31.808458862826228 0.07285180246829986 0.07285180246829986 0.0801139235496521 0.0801139235496521
41 31.799787448719144 0.07456447327136993 0.07456447327136993 0.07506663560867309 0.07506663560867309
42 31.914532877504826 0.07156657028198242 0.07156657028198242 0.07454140663146973 0.07454140663146973
43 31.719636894762516 0.07286534595489502 0.07286534595489502 0.07370428144931793 0.07370428144931793
44 31.982745077461004 0.07240666711330414 0.07240666711330414 0.07602311909198761 0.07602311909198761
45 31.874997397884727 0.07306030809879303 0.07306030809879303 0.07493356168270111 0.07493356168270111
46 32.144363744184375 0.0746041259765625 0.0746041259765625 0.07784751057624817 0.07784751057624817
47 31.636349553242326 0.07474049150943757 0.07474049150943757 0.07519437253475189 0.07519437253475189
48 32.473425852134824 0.0722556403875351 0.0722556403875351 0.07573713064193725 0.07573713064193725
49 32.31997417099774 0.07077516460418701 0.07077516460418701 0.07341428339481354 0.07341428339481354
50 31.94538680650294 0.07204326951503753 0.07204326951503753 0.07529122710227966 0.07529122710227966
51 32.28067606128752 0.07157093858718871 0.07157093858718871 0.07484571814537049 0.07484571814537049
52 32.15484222210944 0.07029828679561614 0.07029828679561614 0.07714831292629241 0.07714831292629241
53 33.20422689802945 0.07037127220630646 0.07037127220630646 0.07433165431022644 0.07433165431022644
54 32.36829597316682 0.07009021472930908 0.07009021472930908 0.07592870891094208 0.07592870891094208
55 32.06825629621744 0.07066526162624359 0.07066526162624359 0.0734882515668869 0.0734882515668869
56 31.55778674595058 0.07080124998092652 0.07080124998092652 0.07238197922706605 0.07238197922706605
57 31.596273543313146 0.07178286755084992 0.07178286755084992 0.07402704000473022 0.07402704000473022
58 33.73451937176287 0.07128337478637695 0.07128337478637695 0.07679872155189514 0.07679872155189514
59 32.50116375274956 0.07512212336063386 0.07512212336063386 0.07953772723674774 0.07953772723674774
60 31.59691347181797 0.07191350412368774 0.07191350412368774 0.07427669048309327 0.07427669048309327
61 31.748500460758805 0.0697828403711319 0.0697828403711319 0.073244127035141 0.073244127035141
62 32.95094554126263 0.07141946160793304 0.07141946160793304 0.07847594678401947 0.07847594678401947
63 31.980280784890056 0.07152852928638458 0.07152852928638458 0.07509647130966186 0.07509647130966186
64 31.928479108959436 0.07092033469676971 0.07092033469676971 0.07588097989559174 0.07588097989559174
65 31.986557269468904 0.06936637043952942 0.06936637043952942 0.0730484515428543 0.0730484515428543
66 32.47739855386317 0.07170588219165802 0.07170588219165802 0.0764733099937439 0.0764733099937439
67 32.9020490963012 0.068734659075737 0.068734659075737 0.0747579699754715 0.0747579699754715
68 32.04095611162484 0.07107604837417603 0.07107604837417603 0.07154430329799652 0.07154430329799652
69 32.00120016746223 0.06829450047016143 0.06829450047016143 0.0718638676404953 0.0718638676404953
70 32.12644737586379 0.0701348102092743 0.0701348102092743 0.07473129510879517 0.07473129510879517
71 33.02740717679262 0.0709800227880478 0.0709800227880478 0.07412006974220275 0.07412006974220275
72 31.64786989428103 0.0709211608171463 0.0709211608171463 0.07358942627906799 0.07358942627906799
73 31.704228283837438 0.06971299719810486 0.06971299719810486 0.07370599150657654 0.07370599150657654
74 32.11078813672066 0.07078048861026764 0.07078048861026764 0.07175179243087769 0.07175179243087769
75 32.631353015080094 0.06897704350948333 0.06897704350948333 0.07465736031532287 0.07465736031532287
76 31.70124439522624 0.0702264689207077 0.0702264689207077 0.0743163514137268 0.0743163514137268
77 31.388989496976137 0.07154367303848266 0.07154367303848266 0.07482043445110322 0.07482043445110322
78 31.332169353961945 0.0709035029411316 0.0709035029411316 0.07427636742591857 0.07427636742591857
79 31.86461739987135 0.07066967654228211 0.07066967654228211 0.07155856370925903 0.07155856370925903
80 32.29870140552521 0.07107709622383118 0.07107709622383118 0.07313315749168396 0.07313315749168396
81 31.863354409113526 0.07200726878643036 0.07200726878643036 0.07311080634593964 0.07311080634593964
82 31.76579293049872 0.06929610943794251 0.06929610943794251 0.07360064506530761 0.07360064506530761
83 32.17016230709851 0.07174892687797546 0.07174892687797546 0.07558285653591156 0.07558285653591156
84 32.773933129385114 0.07218942594528198 0.07218942594528198 0.07476251423358918 0.07476251423358918
85 32.63184984959662 0.069958833694458 0.069958833694458 0.07212399423122406 0.07212399423122406
86 31.71813016012311 0.07148209857940674 0.07148209857940674 0.07905331313610077 0.07905331313610077
87 32.14744538627565 0.0710310983657837 0.0710310983657837 0.07431860089302063 0.07431860089302063
88 32.09110865741968 0.06823205077648163 0.06823205077648163 0.07200998306274414 0.07200998306274414
89 33.29882610030472 0.0684908367395401 0.0684908367395401 0.07474821388721466 0.07474821388721466
90 31.822166679427028 0.07165058982372284 0.07165058982372284 0.07776704609394074 0.07776704609394074
91 32.03947787731886 0.07065691184997559 0.07065691184997559 0.07121182203292847 0.07121182203292847
92 32.35400774143636 0.07007269191741944 0.07007269191741944 0.07122014939785004 0.07122014939785004
93 33.04360212571919 0.06851911294460297 0.06851911294460297 0.07147864699363708 0.07147864699363708
94 32.06149796396494 0.06912865936756134 0.06912865936756134 0.07279840707778931 0.07279840707778931
95 30.930877286940813 0.0687482305765152 0.0687482305765152 0.07225773572921752 0.07225773572921752
96 32.06679249741137 0.06806936728954315 0.06806936728954315 0.071750528216362 0.071750528216362
97 31.37832541950047 0.0695570502281189 0.0695570502281189 0.07422956764698029 0.07422956764698029
98 32.94748029485345 0.06972808623313904 0.06972808623313904 0.07338979244232177 0.07338979244232177
99 32.24462137930095 0.06906225848197937 0.06906225848197937 0.07847882330417633 0.07847882330417633
100 32.20464319176972 0.06784861433506012 0.06784861433506012 0.07113413095474243 0.07113413095474243
101 31.784377859905362 0.06561773407459259 0.06561773407459259 0.06873805344104766 0.06873805344104766
102 33.53971153125167 0.06454962158203124 0.06454962158203124 0.06890596389770508 0.06890596389770508
103 31.86441614292562 0.0673545868396759 0.0673545868396759 0.07114558100700379 0.07114558100700379
104 31.846135711297393 0.06565474689006806 0.06565474689006806 0.06811861038208007 0.06811861038208007
105 31.945057725533843 0.06447842705249786 0.06447842705249786 0.06849737524986267 0.06849737524986267
106 31.78249961324036 0.06528203237056732 0.06528203237056732 0.06885846674442292 0.06885846674442292
107 32.31580095179379 0.06488337528705597 0.06488337528705597 0.0689690089225769 0.0689690089225769
108 31.754887456074357 0.06667400872707367 0.06667400872707367 0.07551426649093627 0.07551426649093627
109 31.506627717986703 0.0671156108379364 0.0671156108379364 0.06853972494602203 0.06853972494602203
110 32.268497589975595 0.06359382700920105 0.06359382700920105 0.06807504832744599 0.06807504832744599
111 32.83208937570453 0.06460116755962372 0.06460116755962372 0.06866897523403168 0.06866897523403168
112 32.3492175526917 0.06574838864803315 0.06574838864803315 0.06889168858528137 0.06889168858528137
113 31.58397169597447 0.06551909387111664 0.06551909387111664 0.0681907743215561 0.0681907743215561
114 31.985181899741292 0.06520931577682496 0.06520931577682496 0.07263634204864503 0.07263634204864503
115 32.48622163757682 0.06552353370189666 0.06552353370189666 0.06991898834705353 0.06991898834705353
116 32.247791266068816 0.0637329604625702 0.0637329604625702 0.06733222126960754 0.06733222126960754
117 32.031504491344094 0.0639958301782608 0.0639958301782608 0.06748984038829803 0.06748984038829803
118 31.90809089690447 0.06394686305522919 0.06394686305522919 0.07035756826400758 0.07035756826400758
119 31.07093371450901 0.06582167661190033 0.06582167661190033 0.06988178312778473 0.06988178312778473
120 33.60936727374792 0.06611947107315064 0.06611947107315064 0.06873680710792542 0.06873680710792542
121 32.292248256504536 0.06557640743255615 0.06557640743255615 0.06783610582351685 0.06783610582351685
122 31.859096391126513 0.06369805371761322 0.06369805371761322 0.0670821887254715 0.0670821887254715
123 31.895871978253126 0.06362128102779388 0.06362128102779388 0.06710021078586578 0.06710021078586578
124 33.14931599237025 0.06490057814121246 0.06490057814121246 0.06907636165618897 0.06907636165618897
125 32.35139507800341 0.06395015335083008 0.06395015335083008 0.06683664321899414 0.06683664321899414
126 32.2289995867759 0.06364338028430938 0.06364338028430938 0.06815725088119506 0.06815725088119506
127 31.752173138782382 0.06383122754096984 0.06383122754096984 0.06697494328022004 0.06697494328022004
128 32.15453802421689 0.06373368978500366 0.06373368978500366 0.0678877317905426 0.0678877317905426
129 33.85363720357418 0.06425518774986268 0.06425518774986268 0.06837125062942505 0.06837125062942505
130 31.82951837219298 0.06316267549991608 0.06316267549991608 0.06724572777748108 0.06724572777748108
131 31.899715965613723 0.06555985391139985 0.06555985391139985 0.06988417267799378 0.06988417267799378
132 31.85171207226813 0.06470842278003693 0.06470842278003693 0.06691282510757446 0.06691282510757446
133 33.38422970660031 0.06425377035140992 0.06425377035140992 0.06779499709606171 0.06779499709606171
134 31.210936615243554 0.06464714562892913 0.06464714562892913 0.0680654901266098 0.0680654901266098
135 31.86818760074675 0.06509526550769806 0.06509526550769806 0.06685617864131928 0.06685617864131928
136 31.86634362488985 0.06386091792583466 0.06386091792583466 0.06680294632911682 0.06680294632911682
137 33.384130315855145 0.06393130528926849 0.06393130528926849 0.06919020593166351 0.06919020593166351
138 32.145737521350384 0.06562104213237763 0.06562104213237763 0.07066044330596924 0.07066044330596924
139 31.964455543085933 0.0632044734954834 0.0632044734954834 0.06600923895835877 0.06600923895835877
140 32.077514903619885 0.06429512417316437 0.06429512417316437 0.06683631062507629 0.06683631062507629
141 32.20915827341378 0.06385970723628998 0.06385970723628998 0.06778638780117036 0.06778638780117036
142 32.87169947102666 0.06347126650810242 0.06347126650810242 0.06767107963562012 0.06767107963562012
143 32.1027781739831 0.06290189516544342 0.06290189516544342 0.06641125619411468 0.06641125619411468
144 31.998936511576176 0.06297208511829376 0.06297208511829376 0.07213631868362427 0.07213631868362427
145 31.206800907850266 0.06400970733165741 0.06400970733165741 0.06819545328617097 0.06819545328617097
146 32.92639468796551 0.06442852258682251 0.06442852258682251 0.06838366150856018 0.06838366150856018
147 32.573106130585074 0.06488004553318023 0.06488004553318023 0.0694847172498703 0.0694847172498703
148 31.096292899921536 0.06355180823802949 0.06355180823802949 0.0667239385843277 0.0667239385843277
149 31.698519131168723 0.0630723009109497 0.0630723009109497 0.06714796662330627 0.06714796662330627
150 31.92026286572218 0.06405546796321869 0.06405546796321869 0.06940551936626434 0.06940551936626434
151 32.642430456355214 0.06399662029743194 0.06399662029743194 0.06731378257274628 0.06731378257274628
152 32.279260305687785 0.06328349494934082 0.06328349494934082 0.06627865672111512 0.06627865672111512
153 31.253857312723994 0.06254686081409454 0.06254686081409454 0.0666380387544632 0.0666380387544632
154 31.747971998527646 0.062100075960159304 0.062100075960159304 0.06711072087287903 0.06711072087287903
155 32.499670997262 0.06324037599563599 0.06324037599563599 0.06601581394672394 0.06601581394672394
156 31.921798361465335 0.0631805065870285 0.0631805065870285 0.06844204425811767 0.06844204425811767
157 31.303744066506624 0.06370609581470489 0.06370609581470489 0.06547560095787049 0.06547560095787049
158 31.401447104290128 0.062364640712738034 0.062364640712738034 0.0683824211359024 0.0683824211359024
159 31.906827053055167 0.06213579285144806 0.06213579285144806 0.06638012528419494 0.06638012528419494
160 33.30560023523867 0.062147062540054324 0.062147062540054324 0.06790590226650238 0.06790590226650238
161 32.27927758730948 0.06228576159477234 0.06228576159477234 0.06558614134788514 0.06558614134788514
162 31.533370612189174 0.06397992503643037 0.06397992503643037 0.06613507330417633 0.06613507330417633
163 31.05337875895202 0.06249028551578522 0.06249028551578522 0.06907529711723327 0.06907529711723327
164 33.0027381721884 0.06224478483200073 0.06224478483200073 0.06685131311416626 0.06685131311416626
165 31.97490093484521 0.062046624422073364 0.062046624422073364 0.07087374210357666 0.07087374210357666
166 31.554389694705606 0.06374665558338165 0.06374665558338165 0.06641132771968841 0.06641132771968841
167 31.653179116547108 0.06344225335121155 0.06344225335121155 0.0667136263847351 0.0667136263847351
168 32.28049196489155 0.0632738082408905 0.0632738082408905 0.06858399331569671 0.06858399331569671
169 33.31863436475396 0.06276367318630219 0.06276367318630219 0.06650943219661713 0.06650943219661713
170 31.62077639065683 0.06286925685405731 0.06286925685405731 0.06779821872711182 0.06779821872711182
171 31.02515465207398 0.06299046242237091 0.06299046242237091 0.06636371433734894 0.06636371433734894
172 31.94406342320144 0.060859885096549986 0.060859885096549986 0.0658834594488144 0.0658834594488144
173 32.67234283126891 0.06154637825489044 0.06154637825489044 0.06568310856819153 0.06568310856819153
174 32.51687150634825 0.06218619763851166 0.06218619763851166 0.06606603741645813 0.06606603741645813
175 32.03572909347713 0.0611080652475357 0.0611080652475357 0.06553132057189942 0.06553132057189942
176 32.12660348601639 0.06121914839744568 0.06121914839744568 0.06594583511352539 0.06594583511352539
177 31.475940199568868 0.06124023187160492 0.06124023187160492 0.06572887837886811 0.06572887837886811
178 32.71505967527628 0.062238764762878415 0.062238764762878415 0.06732652127742768 0.06732652127742768
179 32.202921563759446 0.06345326554775238 0.06345326554775238 0.06501265525817872 0.06501265525817872
180 32.11900835670531 0.061284687757492066 0.061284687757492066 0.06693685889244079 0.06693685889244079
181 31.543471911922097 0.06152384686470032 0.06152384686470032 0.06499799966812134 0.06499799966812134
182 32.603933876380324 0.06162457025051117 0.06162457025051117 0.06495217084884644 0.06495217084884644
183 33.54768350161612 0.06154732406139374 0.06154732406139374 0.06656600475311279 0.06656600475311279
184 31.004119081422687 0.061698744058609006 0.061698744058609006 0.06473934113979339 0.06473934113979339
185 32.023971451446414 0.06351819801330566 0.06351819801330566 0.06557210564613342 0.06557210564613342
186 32.04204164817929 0.06302412688732147 0.06302412688732147 0.06688799917697906 0.06688799917697906
187 33.02555024065077 0.06273739397525788 0.06273739397525788 0.06592531263828277 0.06592531263828277
188 32.1593228764832 0.06203850054740906 0.06203850054740906 0.06465751588344575 0.06465751588344575
189 32.00768709182739 0.06124647831916809 0.06124647831916809 0.06798465490341186 0.06798465490341186
190 31.683246279135346 0.06303579688072204 0.06303579688072204 0.06485852539539337 0.06485852539539337
191 32.61627926118672 0.063906764626503 0.063906764626503 0.0682483059167862 0.0682483059167862
192 32.145269490778446 0.06327757930755615 0.06327757930755615 0.06615066170692444 0.06615066170692444
193 31.802522014826536 0.061807026147842406 0.061807026147842406 0.06492340981960297 0.06492340981960297
194 31.620867807418108 0.06118107450008392 0.06118107450008392 0.06648075342178345 0.06648075342178345
195 31.74646937288344 0.06238684344291687 0.06238684344291687 0.06739002525806427 0.06739002525806427
196 33.141385992988944 0.06261194217205047 0.06261194217205047 0.06563190698623657 0.06563190698623657
197 32.043024538084865 0.06252616751194 0.06252616751194 0.06539913296699523 0.06539913296699523
198 31.98909571953118 0.06279630076885223 0.06279630076885223 0.06527900695800781 0.06527900695800781
199 31.752792038023472 0.060743231654167174 0.060743231654167174 0.06590572237968445 0.06590572237968445
200 32.82043640688062 0.06004653227329254 0.06004653227329254 0.06393980383872985 0.06393980383872985
201 31.6417256873101 0.05969915437698364 0.05969915437698364 0.06309889912605286 0.06309889912605286
202 31.792904360219836 0.059297065138816836 0.059297065138816836 0.06430023610591888 0.06430023610591888
203 31.81168862245977 0.059743725180625915 0.059743725180625915 0.06494194507598877 0.06494194507598877
204 31.801825050264597 0.06064898431301117 0.06064898431301117 0.06455678761005401 0.06455678761005401
205 32.840385634452105 0.05920360004901886 0.05920360004901886 0.06341517090797424 0.06341517090797424
206 31.529329484328628 0.06030807650089264 0.06030807650089264 0.06352158427238465 0.06352158427238465
207 31.72445454634726 0.05977294635772705 0.05977294635772705 0.06672942876815796 0.06672942876815796
208 31.595740543678403 0.05960236787796021 0.05960236787796021 0.0633207494020462 0.0633207494020462
209 31.863422583788633 0.05983941173553467 0.05983941173553467 0.06566487848758698 0.06566487848758698
210 32.974773643538356 0.05981345784664154 0.05981345784664154 0.06411252617835998 0.06411252617835998
211 32.029413336887956 0.05892577087879181 0.05892577087879181 0.06388842821121216 0.06388842821121216
212 31.220047613605857 0.05977798390388489 0.05977798390388489 0.06556219518184662 0.06556219518184662
213 31.394427832216024 0.05960151839256286 0.05960151839256286 0.0637494832277298 0.0637494832277298
214 32.42981485649943 0.05930295777320862 0.05930295777320862 0.06324754297733307 0.06324754297733307
215 31.686263520270586 0.05928589761257172 0.05928589761257172 0.06441485524177551 0.06441485524177551
216 30.774728620424867 0.06034939420223236 0.06034939420223236 0.06559956908226013 0.06559956908226013
217 31.40777976065874 0.05969927585124969 0.05969927585124969 0.06317026495933532 0.06317026495933532
218 32.09603766538203 0.05948246693611145 0.05948246693611145 0.06355880320072174 0.06355880320072174
219 32.3231384344399 0.05906971633434296 0.05906971633434296 0.06352469205856323 0.06352469205856323
220 32.00372792594135 0.05867966938018799 0.05867966938018799 0.063335240483284 0.063335240483284
221 31.424320124089718 0.05946459424495697 0.05946459424495697 0.06335744738578797 0.06335744738578797
222 31.799093725159764 0.05906231319904327 0.05906231319904327 0.06342779397964478 0.06342779397964478
223 32.87717047333717 0.06007548439502716 0.06007548439502716 0.06427996158599854 0.06427996158599854
224 32.01876766234636 0.05851687240600586 0.05851687240600586 0.06332343637943268 0.06332343637943268
225 31.295228887349367 0.05959843122959137 0.05959843122959137 0.0640899533033371 0.0640899533033371
226 31.861010387539864 0.05976398766040802 0.05976398766040802 0.06339435458183289 0.06339435458183289
227 32.39927920140326 0.05979720914363861 0.05979720914363861 0.0644482809305191 0.0644482809305191
228 32.68809628300369 0.059261130809783936 0.059261130809783936 0.06397304594516755 0.06397304594516755
229 32.07133918441832 0.05922483253479004 0.05922483253479004 0.06333978950977326 0.06333978950977326
230 31.04296610876918 0.05965482521057129 0.05965482521057129 0.06390781879425049 0.06390781879425049
231 31.672126652672887 0.05880370342731476 0.05880370342731476 0.06308467149734497 0.06308467149734497
232 32.97961496002972 0.059224797129631045 0.059224797129631045 0.06489996254444122 0.06489996254444122
233 32.07310108654201 0.06021358907222748 0.06021358907222748 0.06285824298858643 0.06285824298858643
234 31.728514596819878 0.05928403294086456 0.05928403294086456 0.06380679905414581 0.06380679905414581
235 31.01785921305418 0.05882155299186707 0.05882155299186707 0.06280171871185303 0.06280171871185303
236 32.855698604136705 0.058259385824203494 0.058259385824203494 0.06286987960338593 0.06286987960338593
237 32.460495471954346 0.059020755767822265 0.059020755767822265 0.06357660949230194 0.06357660949230194
238 31.846986573189497 0.05994725495576859 0.05994725495576859 0.06629474580287933 0.06629474580287933
239 31.39175672456622 0.05919235384464264 0.05919235384464264 0.06319236576557159 0.06319236576557159
240 32.05972678028047 0.05859467262029648 0.05859467262029648 0.062451353669166564 0.062451353669166564
241 33.47186069563031 0.0587834380865097 0.0587834380865097 0.06332863748073578 0.06332863748073578
242 31.55265738070011 0.05945774328708649 0.05945774328708649 0.06260021507740021 0.06260021507740021
243 31.879581617191434 0.05961686134338379 0.05961686134338379 0.06369635879993439 0.06369635879993439
244 32.02226230688393 0.059324098110198974 0.059324098110198974 0.0643758749961853 0.0643758749961853
245 32.81854105554521 0.05855718696117401 0.05855718696117401 0.06345223546028138 0.06345223546028138
246 31.951019382104278 0.0593310399055481 0.0593310399055481 0.0636812287569046 0.0636812287569046
247 32.09057908691466 0.05879246163368225 0.05879246163368225 0.06405575633049011 0.06405575633049011
248 31.315306464210153 0.0597502732872963 0.0597502732872963 0.06320866882801056 0.06320866882801056
249 31.876311141997576 0.05910078752040863 0.05910078752040863 0.06307678163051605 0.06307678163051605
250 33.46366560086608 0.05830352938175201 0.05830352938175201 0.06266422629356384 0.06266422629356384
251 31.207665789872408 0.05904683965444565 0.05904683965444565 0.06647651553153992 0.06647651553153992
252 30.995082583278418 0.059010209441185 0.059010209441185 0.0637815237045288 0.0637815237045288
253 31.071332009509206 0.05863575804233551 0.05863575804233551 0.06281512677669525 0.06281512677669525
254 31.00351054035127 0.05881993234157562 0.05881993234157562 0.0652604204416275 0.0652604204416275
255 33.21339610032737 0.05992031854391098 0.05992031854391098 0.06331696689128875 0.06331696689128875
256 31.604307789355516 0.05873773920536041 0.05873773920536041 0.06239467322826386 0.06239467322826386
257 31.27574229054153 0.05867132395505905 0.05867132395505905 0.06372910261154174 0.06372910261154174
258 31.784765675663948 0.058226826906204225 0.058226826906204225 0.06247673809528351 0.06247673809528351
259 32.83490107767284 0.05823662596940994 0.05823662596940994 0.06313559174537658 0.06313559174537658
260 31.9761059358716 0.05904577076435089 0.05904577076435089 0.06429044663906097 0.06429044663906097
261 31.434519696980715 0.05842991876602173 0.05842991876602173 0.06503860473632812 0.06503860473632812
262 31.719915866851807 0.05831780731678009 0.05831780731678009 0.06486466228961944 0.06486466228961944
263 31.250892711803317 0.058739681005477905 0.058739681005477905 0.06319259762763978 0.06319259762763978
264 32.706838335841894 0.05829562366008759 0.05829562366008759 0.06288575053215027 0.06288575053215027
265 31.332284431904554 0.058870837211608885 0.058870837211608885 0.062333478927612304 0.062333478927612304
266 31.77518029510975 0.0587421293258667 0.0587421293258667 0.06296534478664398 0.06296534478664398
267 31.4203640203923 0.05872438275814056 0.05872438275814056 0.06275960087776183 0.06275960087776183
268 32.25353836081922 0.05795441919565201 0.05795441919565201 0.06218401730060577 0.06218401730060577
269 31.627937430515885 0.05825014436244964 0.05825014436244964 0.06231160163879394 0.06231160163879394
270 30.830005444586277 0.05786731308698654 0.05786731308698654 0.06270945429801941 0.06270945429801941
271 31.143006859347224 0.05814199823141098 0.05814199823141098 0.06244430720806122 0.06244430720806122
272 31.06120055168867 0.058755125164985655 0.058755125164985655 0.06423091173171996 0.06423091173171996
273 32.883646765723825 0.05934606629610062 0.05934606629610062 0.06312734007835388 0.06312734007835388
274 31.062172677367926 0.05804844236373902 0.05804844236373902 0.06256656169891357 0.06256656169891357
275 30.747667921707034 0.058965560793876645 0.058965560793876645 0.06227587342262268 0.06227587342262268
276 31.1998579390347 0.06008807587623596 0.06008807587623596 0.06337563574314117 0.06337563574314117
277 32.48189711384475 0.058429259836673735 0.058429259836673735 0.06387213826179504 0.06387213826179504
278 32.14164425060153 0.058468097805976865 0.058468097805976865 0.061998316049575806 0.061998316049575806
279 31.59326664544642 0.05810596907138824 0.05810596907138824 0.06317246615886689 0.06317246615886689
280 32.074600817635655 0.05780943703651428 0.05780943703651428 0.06243137955665588 0.06243137955665588
281 31.173247491940856 0.058169548988342284 0.058169548988342284 0.06256844818592072 0.06256844818592072
282 32.3698017206043 0.058144246578216555 0.058144246578216555 0.06235604763031006 0.06235604763031006
283 31.426710275933146 0.058383088648319245 0.058383088648319245 0.06355155169963837 0.06355155169963837
284 31.374417532235384 0.05876220858097076 0.05876220858097076 0.06480685770511627 0.06480685770511627
285 31.400660771876574 0.058957271456718446 0.058957271456718446 0.06288083136081696 0.06288083136081696
286 32.51807954162359 0.05815993058681488 0.05815993058681488 0.0636576497554779 0.0636576497554779
287 32.20878299511969 0.057744772255420684 0.057744772255420684 0.06195272505283356 0.06195272505283356
288 31.123072665184736 0.05788050013780594 0.05788050013780594 0.06414397954940795 0.06414397954940795
289 32.15622999332845 0.059251711130142215 0.059251711130142215 0.0630809223651886 0.0630809223651886
290 31.859815945848823 0.05831941246986389 0.05831941246986389 0.06312481582164764 0.06312481582164764
291 32.458362869918346 0.05763877218961716 0.05763877218961716 0.062062579393386844 0.062062579393386844
292 32.12545440904796 0.05855895256996155 0.05855895256996155 0.06282486379146576 0.06282486379146576
293 31.888845739886165 0.05804382169246674 0.05804382169246674 0.06215096950531006 0.06215096950531006
294 32.18675557337701 0.058212076425552366 0.058212076425552366 0.06258737802505493 0.06258737802505493
295 31.63069069199264 0.05824097740650177 0.05824097740650177 0.06169262051582337 0.06169262051582337
296 31.896797524765134 0.05737351965904236 0.05737351965904236 0.062339170575141906 0.062339170575141906
297 30.97066507488489 0.05785515463352203 0.05785515463352203 0.06207994639873505 0.06207994639873505
298 32.36696169897914 0.057658563256263735 0.057658563256263735 0.06260208189487457 0.06260208189487457
299 30.772877104580402 0.057841999888420106 0.057841999888420106 0.06245604038238525 0.06245604038238525
300 31.8849041108042 0.057414844572544095 0.057414844572544095 0.06130191683769226 0.06130191683769226
301 31.27686840482056 0.05661582982540131 0.05661582982540131 0.061594589352607726 0.061594589352607726
302 31.106793988496065 0.057083662390708924 0.057083662390708924 0.061320542097091674 0.061320542097091674
303 31.905412696301937 0.05648156172037125 0.05648156172037125 0.0616894793510437 0.0616894793510437
304 31.683170173317194 0.05691091156005859 0.05691091156005859 0.062271375060081485 0.062271375060081485
305 32.55044998973608 0.056953018546104434 0.056953018546104434 0.06165571928024292 0.06165571928024292
306 31.712842436507344 0.05648911714553833 0.05648911714553833 0.06142209589481354 0.06142209589481354
307 32.43413786031306 0.05729222965240478 0.05729222965240478 0.06164006650447845 0.06164006650447845
308 31.48015890456736 0.05666804897785187 0.05666804897785187 0.06127681016921997 0.06127681016921997
309 32.151853650808334 0.05652270293235779 0.05652270293235779 0.06155364513397217 0.06155364513397217
310 31.572960255667567 0.056650391221046446 0.056650391221046446 0.06264281868934632 0.06264281868934632
311 30.38357649371028 0.05715974986553192 0.05715974986553192 0.06376494407653809 0.06376494407653809
312 32.103166500106454 0.056956163883209225 0.056956163883209225 0.06132993638515472 0.06132993638515472
313 31.786403911188245 0.05710363978147507 0.05710363978147507 0.06110660254955292 0.06110660254955292
314 33.01763165742159 0.05691619652509689 0.05691619652509689 0.06173494637012482 0.06173494637012482
315 30.52790436707437 0.05684814822673798 0.05684814822673798 0.061763768196105955 0.061763768196105955
316 31.497348146513104 0.05638122397661209 0.05638122397661209 0.06112096428871155 0.06112096428871155
317 31.415309976786375 0.05643775570392608 0.05643775570392608 0.06151216089725495 0.06151216089725495
318 32.6677575353533 0.057125432014465335 0.057125432014465335 0.06189676642417908 0.06189676642417908
319 31.36334538832307 0.056958213925361635 0.056958213925361635 0.06173027575016022 0.06173027575016022
320 31.39533556625247 0.05678006666898727 0.05678006666898727 0.06154868841171265 0.06154868841171265
321 30.429848728701472 0.05700114893913269 0.05700114893913269 0.06113247931003571 0.06113247931003571
322 31.2394879758358 0.05689268660545349 0.05689268660545349 0.061279229521751404 0.061279229521751404
323 31.12575745023787 0.056931860744953156 0.056931860744953156 0.06145375549793244 0.06145375549793244
324 31.58246731571853 0.05651970291137695 0.05651970291137695 0.06135522723197937 0.06135522723197937
325 31.448503583669662 0.056795153975486755 0.056795153975486755 0.06124317705631256 0.06124317705631256
326 31.100390132516623 0.056502856731414794 0.056502856731414794 0.0610337233543396 0.0610337233543396
327 30.80841384641826 0.056313610017299655 0.056313610017299655 0.06118953347206116 0.06118953347206116
328 32.86124275997281 0.0565496997833252 0.0565496997833252 0.06181269824504852 0.06181269824504852
329 31.22570596821606 0.05641440159082413 0.05641440159082413 0.06104189157485962 0.06104189157485962
330 31.08299143984914 0.05735597693920135 0.05735597693920135 0.06317316710948945 0.06317316710948945
331 31.13790950551629 0.0568880301117897 0.0568880301117897 0.06150326550006866 0.06150326550006866
332 32.17403138242662 0.0566025624871254 0.0566025624871254 0.06110578775405884 0.06110578775405884
333 31.94534733891487 0.0564270396232605 0.0564270396232605 0.06101861596107483 0.06101861596107483
334 30.410414995625615 0.056693500936031344 0.056693500936031344 0.06147858202457428 0.06147858202457428
335 31.42757492698729 0.05649866211414337 0.05649866211414337 0.06091917335987091 0.06091917335987091
336 30.422579871490598 0.05641269677877426 0.05641269677877426 0.06151873469352722 0.06151873469352722
337 32.028386084362864 0.056123341262340545 0.056123341262340545 0.060867847204208375 0.060867847204208375
338 31.18010249361396 0.056435619950294495 0.056435619950294495 0.06169877231121063 0.06169877231121063
339 32.142960865050554 0.05643064153194428 0.05643064153194428 0.06101821482181549 0.06101821482181549
340 31.0214654635638 0.05639157581329346 0.05639157581329346 0.06113374054431915 0.06113374054431915
341 31.87038194388151 0.057384787917137144 0.057384787917137144 0.06256016075611115 0.06256016075611115
342 32.364183789119124 0.057021183252334594 0.057021183252334594 0.060846137404441836 0.060846137404441836
343 31.784803364425898 0.055936859726905826 0.055936859726905826 0.06200952172279358 0.06200952172279358
344 31.879032593220472 0.05636699217557907 0.05636699217557907 0.06052088618278503 0.06052088618278503
345 30.92000548914075 0.0562285013794899 0.0562285013794899 0.06073181986808777 0.06073181986808777
346 33.02828844077885 0.056237561881542206 0.056237561881542206 0.06205733954906464 0.06205733954906464
347 31.355018317699432 0.056044074892997744 0.056044074892997744 0.06067453801631927 0.06067453801631927
348 31.83936988376081 0.056112691044807435 0.056112691044807435 0.06110223650932312 0.06110223650932312
349 30.48808948136866 0.056347691595554354 0.056347691595554354 0.06084640383720398 0.06084640383720398
350 30.72681606374681 0.056584472596645355 0.056584472596645355 0.06114523470401764 0.06114523470401764
351 32.89266286417842 0.05630083972215653 0.05630083972215653 0.06110877990722656 0.06110877990722656
352 31.165141325443983 0.056251471877098086 0.056251471877098086 0.060808794498443605 0.060808794498443605
353 31.001777665689588 0.05730027174949646 0.05730027174949646 0.06174608051776886 0.06174608051776886
354 31.391134006902575 0.056347394227981566 0.056347394227981566 0.06156219482421875 0.06156219482421875
355 32.41833761706948 0.056797258257865905 0.056797258257865905 0.0609656023979187 0.0609656023979187
356 31.645188309252262 0.05620342040061951 0.05620342040061951 0.06163329482078552 0.06163329482078552
357 31.157498605549335 0.056849944829940796 0.056849944829940796 0.06091649889945984 0.06091649889945984
358 30.90320253558457 0.05644589757919311 0.05644589757919311 0.061000374555587766 0.061000374555587766
359 31.641934311017394 0.05735437399148941 0.05735437399148941 0.06179587900638581 0.06179587900638581
360 32.514784794300795 0.05664591658115387 0.05664591658115387 0.06112860083580017 0.06112860083580017
361 32.06650231964886 0.05710680282115936 0.05710680282115936 0.06094284117221832 0.06094284117221832
362 31.751881944015622 0.05670525997877121 0.05670525997877121 0.0604519385099411 0.0604519385099411
363 31.611088767647743 0.05634040194749832 0.05634040194749832 0.06089412987232208 0.06089412987232208
364 32.00067765824497 0.05638338714838028 0.05638338714838028 0.06049182116985321 0.06049182116985321
365 32.64276534691453 0.05625217694044113 0.05625217694044113 0.060728524327278134 0.060728524327278134
366 31.37337095849216 0.05612825202941894 0.05612825202941894 0.060734628438949584 0.060734628438949584
367 31.597115652635694 0.05620574927330017 0.05620574927330017 0.06091547548770904 0.06091547548770904
368 30.92552432231605 0.056897142887115476 0.056897142887115476 0.06093735158443451 0.06093735158443451
369 32.441913928836584 0.05649875074625015 0.05649875074625015 0.06078096330165863 0.06078096330165863
370 31.79082850366831 0.05614579796791077 0.05614579796791077 0.06078316032886505 0.06078316032886505
371 30.966386830434203 0.056233408987522125 0.056233408987522125 0.061555544137954714 0.061555544137954714
372 32.03318916633725 0.05698188263177872 0.05698188263177872 0.06042929351329804 0.06042929351329804
373 31.194168327376246 0.05664284551143646 0.05664284551143646 0.06119406282901764 0.06119406282901764
374 32.26983508467674 0.055933864891529086 0.055933864891529086 0.06062580347061157 0.06062580347061157
375 31.96513811685145 0.05619857263565063 0.05619857263565063 0.060769695639610294 0.060769695639610294
376 30.80640979669988 0.057574821650981906 0.057574821650981906 0.06143999457359314 0.06143999457359314
377 31.11590983904898 0.055951983094215396 0.055951983094215396 0.060772300958633424 0.060772300958633424
378 32.086025573313236 0.05632654500007629 0.05632654500007629 0.060478736162185666 0.060478736162185666
379 31.15708291903138 0.05609857958555221 0.05609857958555221 0.06150462090969086 0.06150462090969086
380 30.81382036022842 0.056383111000061034 0.056383111000061034 0.06049332976341248 0.06049332976341248
381 31.494101133197546 0.05603075242042541 0.05603075242042541 0.06063683331012726 0.06063683331012726
382 31.62695785984397 0.055641957223415375 0.055641957223415375 0.0607523113489151 0.0607523113489151
383 32.723781287670135 0.0564506756067276 0.0564506756067276 0.060410153865814206 0.060410153865814206
384 31.204651601612568 0.056267086446285246 0.056267086446285246 0.06072768449783325 0.06072768449783325
385 31.662977520376444 0.05625181025266647 0.05625181025266647 0.06048218727111816 0.06048218727111816
386 31.78595396503806 0.05630641782283783 0.05630641782283783 0.06066174864768982 0.06066174864768982
387 31.275417802855372 0.05615052157640457 0.05615052157640457 0.06084191143512726 0.06084191143512726
388 32.77002421207726 0.05601878374814987 0.05601878374814987 0.060502123832702634 0.060502123832702634
389 31.707721395418048 0.056759117007255555 0.056759117007255555 0.060622718334197995 0.060622718334197995
390 31.276400296017528 0.056832403123378755 0.056832403123378755 0.06109857022762299 0.06109857022762299
391 31.82699871994555 0.05654333937168121 0.05654333937168121 0.06042575776576996 0.06042575776576996
392 31.949857944622636 0.056241377890110016 0.056241377890110016 0.06066533386707306 0.06066533386707306
393 31.351684112101793 0.05641559517383576 0.05641559517383576 0.0635275661945343 0.0635275661945343
394 32.466668367385864 0.056331845939159395 0.056331845939159395 0.06042381048202514 0.06042381048202514
395 31.792049054056406 0.05556664788722992 0.05556664788722992 0.06136600732803345 0.06136600732803345
396 31.366285543888807 0.05593908423185349 0.05593908423185349 0.06067169845104217 0.06067169845104217
397 32.30882363393903 0.05638806289434433 0.05638806289434433 0.06068159639835358 0.06068159639835358
398 31.880922876298428 0.05593408453464508 0.05593408453464508 0.0602194207906723 0.0602194207906723
399 31.511449614539742 0.05558233195543289 0.05558233195543289 0.06026692807674408 0.06026692807674408
400 32.145863864570856 0.05559302073717117 0.05559302073717117 0.06009763062000275 0.06009763062000275
401 33.20550906471908 0.05562337017059326 0.05562337017059326 0.061309573650360105 0.061309573650360105
402 31.290075251832604 0.05548693531751633 0.05548693531751633 0.06016632616519928 0.06016632616519928
403 32.11827908270061 0.0553602432012558 0.0553602432012558 0.0603459769487381 0.0603459769487381
404 32.148004999384284 0.05498031371831894 0.05498031371831894 0.0601356291770935 0.0601356291770935
405 31.482776070013642 0.055001010596752165 0.055001010596752165 0.060030233860015866 0.060030233860015866
406 32.90192660689354 0.05501199543476105 0.05501199543476105 0.060280899405479434 0.060280899405479434
407 31.67089352197945 0.05564607208967209 0.05564607208967209 0.060018577575683595 0.060018577575683595
408 31.893486335873604 0.05542967826128006 0.05542967826128006 0.060512632727622986 0.060512632727622986
409 30.6367045417428 0.05551743721961975 0.05551743721961975 0.05997882962226868 0.05997882962226868
410 33.2811957988888 0.05567125743627548 0.05567125743627548 0.06003790557384491 0.06003790557384491
411 31.745062459260225 0.055021974444389346 0.055021974444389346 0.060012766122817994 0.060012766122817994
412 31.50904355198145 0.055310139179229736 0.055310139179229736 0.06019658148288727 0.06019658148288727
413 32.16487083397806 0.054938958942890165 0.054938958942890165 0.05995837390422821 0.05995837390422821
414 32.07831482589245 0.05497732132673264 0.05497732132673264 0.06024836897850037 0.06024836897850037
415 33.67250268533826 0.055258391439914706 0.055258391439914706 0.06056255519390106 0.06056255519390106
416 31.51184357330203 0.055233989536762236 0.055233989536762236 0.06018489301204681 0.06018489301204681
417 31.83288361504674 0.05505489581823349 0.05505489581823349 0.06002277553081512 0.06002277553081512
418 31.41238540969789 0.055015480875968935 0.055015480875968935 0.06000006496906281 0.06000006496906281
419 32.41307160817087 0.05543898671865463 0.05543898671865463 0.060207701325416564 0.060207701325416564
420 32.00851397588849 0.055271733939647676 0.055271733939647676 0.06002529323101044 0.06002529323101044
421 31.030713675543666 0.05513602536916733 0.05513602536916733 0.060286496877670286 0.060286496877670286
422 31.020284209400415 0.05543208736181259 0.05543208736181259 0.059927642941474915 0.059927642941474915
423 31.620491076260805 0.05534422272443772 0.05534422272443772 0.06022017061710358 0.06022017061710358
424 32.11908349208534 0.0555608561038971 0.0555608561038971 0.060248588919639585 0.060248588919639585
425 30.579539142549038 0.055637443363666536 0.055637443363666536 0.060069540143013 0.060069540143013
426 32.64355755597353 0.055146322011947635 0.055146322011947635 0.06002462863922119 0.06002462863922119
427 32.07170403189957 0.054986729204654694 0.054986729204654694 0.05982452094554901 0.05982452094554901
428 31.627135328948498 0.055503920555114744 0.055503920555114744 0.05993981122970581 0.05993981122970581
429 32.084577376022935 0.055037765443325046 0.055037765443325046 0.060071786046028135 0.060071786046028135
430 32.112003622576594 0.055015524625778196 0.055015524625778196 0.060078318119049075 0.060078318119049075
431 31.321513194590807 0.055071856498718263 0.055071856498718263 0.0600713837146759 0.0600713837146759
432 32.48393182270229 0.054897870182991026 0.054897870182991026 0.0600829404592514 0.0600829404592514
433 32.53314090706408 0.0548999999165535 0.0548999999165535 0.05982341825962067 0.05982341825962067
434 31.62727944739163 0.0551560537815094 0.0551560537815094 0.05991357624530792 0.05991357624530792
435 30.86065603606403 0.05521994239091873 0.05521994239091873 0.060172913074493406 0.060172913074493406
436 32.579533368349075 0.05524462294578552 0.05524462294578552 0.059954525232315065 0.059954525232315065
437 33.279106456786394 0.05503631019592285 0.05503631019592285 0.059870903491973874 0.059870903491973874
438 31.93698339536786 0.05521432715654373 0.05521432715654373 0.05976023852825165 0.05976023852825165
439 31.5862892922014 0.05571011638641357 0.05571011638641357 0.059965060353279115 0.059965060353279115
440 31.44649568013847 0.05497009956836701 0.05497009956836701 0.06025510370731354 0.06025510370731354
441 32.151114013046026 0.055145272314548494 0.055145272314548494 0.05998136758804321 0.05998136758804321
442 32.48384504020214 0.05517328405380249 0.05517328405380249 0.05995229005813599 0.05995229005813599
443 30.897057484835386 0.05505842274427414 0.05505842274427414 0.060029656887054444 0.060029656887054444
444 31.89084853604436 0.05506270742416382 0.05506270742416382 0.06000943422317505 0.06000943422317505
445 31.809202609583735 0.05552555102109909 0.05552555102109909 0.06065904915332794 0.06065904915332794
446 32.66049167141318 0.055107843935489655 0.055107843935489655 0.05993228316307068 0.05993228316307068
447 31.954730827361345 0.05514548540115356 0.05514548540115356 0.0602424293756485 0.0602424293756485
448 30.97941662557423 0.05494258934259415 0.05494258934259415 0.05997906565666199 0.05997906565666199
449 32.06901414692402 0.055238344550132754 0.055238344550132754 0.0601319020986557 0.0601319020986557
450 31.659640707075596 0.055117524027824404 0.055117524027824404 0.059860514998435976 0.059860514998435976
451 32.246141420677304 0.05483561664819717 0.05483561664819717 0.05977599740028381 0.05977599740028381
452 31.94229897670448 0.05484193348884583 0.05484193348884583 0.06022016167640686 0.06022016167640686
453 31.26841185428202 0.05555383586883545 0.05555383586883545 0.05973202884197235 0.05973202884197235
454 31.43841492384672 0.05537751722335815 0.05537751722335815 0.060222881436347964 0.060222881436347964
455 33.2193453181535 0.05497779756784439 0.05497779756784439 0.06002999663352966 0.06002999663352966
456 31.252844436094165 0.055802135944366456 0.055802135944366456 0.06002177953720093 0.06002177953720093
457 31.319594968110323 0.055002440452575685 0.055002440452575685 0.05981594145298004 0.05981594145298004
458 31.144796051084995 0.054879589080810545 0.054879589080810545 0.059853013157844547 0.059853013157844547
459 31.525309436023235 0.05518913161754608 0.05518913161754608 0.06000728726387024 0.06000728726387024
460 32.74292768910527 0.055050295650959015 0.055050295650959015 0.05975448071956634 0.05975448071956634
461 31.688354903832078 0.054868024826049806 0.054868024826049806 0.06068289816379547 0.06068289816379547
462 31.100088829174638 0.054943035304546355 0.054943035304546355 0.060070989727973936 0.060070989727973936
463 31.051630944013596 0.0554175266623497 0.0554175266623497 0.06002727687358856 0.06002727687358856
464 32.24798261001706 0.05533571046590805 0.05533571046590805 0.060040526390075684 0.060040526390075684
465 32.12373574823141 0.05484942471981048 0.05484942471981048 0.05981738269329071 0.05981738269329071
466 32.28550804592669 0.05497504383325577 0.05497504383325577 0.059788780808448794 0.059788780808448794
467 31.76983715593815 0.055047437727451326 0.055047437727451326 0.05980849742889404 0.05980849742889404
468 31.571792459115386 0.055097744107246396 0.055097744107246396 0.059828667640686034 0.059828667640686034
469 33.08549028635025 0.05468356096744537 0.05468356096744537 0.06028076231479645 0.06028076231479645
470 31.63099437765777 0.05474549102783203 0.05474549102783203 0.059906890392303465 0.059906890392303465
471 31.55966253206134 0.05497846508026123 0.05497846508026123 0.05990213930606842 0.05990213930606842
472 31.64839644357562 0.05487321269512176 0.05487321269512176 0.05984086096286774 0.05984086096286774
473 31.985089361667633 0.055048443377017975 0.055048443377017975 0.060151920914649964 0.060151920914649964
474 31.549852028489113 0.05477265965938568 0.05477265965938568 0.05978033483028412 0.05978033483028412
475 31.789984380826354 0.05506321084499359 0.05506321084499359 0.05988150060176849 0.05988150060176849
476 31.96207058057189 0.05519241738319397 0.05519241738319397 0.0602983033657074 0.0602983033657074
477 32.15773438476026 0.05515654647350311 0.05515654647350311 0.06067219078540802 0.06067219078540802
478 32.80649202503264 0.054849539577960967 0.054849539577960967 0.05972376644611359 0.05972376644611359
479 31.50013475306332 0.05512586951255798 0.05512586951255798 0.06029835283756256 0.06029835283756256
480 31.048486668616533 0.05524921441078186 0.05524921441078186 0.059682666063308715 0.059682666063308715
481 31.518363039940596 0.055274603366851804 0.055274603366851804 0.05991006314754486 0.05991006314754486
482 31.8474888112396 0.05500228297710419 0.05500228297710419 0.06010260939598083 0.06010260939598083
483 32.123574962839484 0.0549888482093811 0.0549888482093811 0.059737027883529664 0.059737027883529664
484 32.431615471839905 0.055329673945903775 0.055329673945903775 0.05984740316867829 0.05984740316867829
485 31.574536859989166 0.05473275607824325 0.05473275607824325 0.05973350644111633 0.05973350644111633
486 31.671367859467864 0.054850115418434146 0.054850115418434146 0.059991810917854306 0.059991810917854306
487 32.54840795136988 0.055159966945648196 0.055159966945648196 0.06017728447914124 0.06017728447914124
488 31.089464705437422 0.055258877396583556 0.055258877396583556 0.06027571558952331 0.06027571558952331
489 31.429102402180433 0.05502123010158539 0.05502123010158539 0.05986232221126556 0.05986232221126556
490 31.92395860515535 0.055129139244556424 0.055129139244556424 0.060025869011878966 0.060025869011878966
491 32.327893080189824 0.05499585807323456 0.05499585807323456 0.05951942622661591 0.05951942622661591
492 32.9716873485595 0.0549571550488472 0.0549571550488472 0.059502206444740295 0.059502206444740295
493 32.15192383155227 0.05495029556751251 0.05495029556751251 0.05966346085071564 0.05966346085071564
494 31.8005129750818 0.05474874830245972 0.05474874830245972 0.05966199219226837 0.05966199219226837
495 31.48056885227561 0.054496640503406524 0.054496640503406524 0.059515404105186465 0.059515404105186465
496 33.236340686678886 0.055032998085021975 0.055032998085021975 0.06087121188640594 0.06087121188640594
497 31.625958362594247 0.055177823424339294 0.055177823424339294 0.05959604859352112 0.05959604859352112
498 32.79462990351021 0.05470748221874237 0.05470748221874237 0.060190603137016296 0.060190603137016296
499 32.08154734969139 0.054797145664691925 0.054797145664691925 0.060525793433189395 0.060525793433189395
