500 0.0025 100 0.5
train dataset shape:  torch.Size([1000, 64, 64, 10]) torch.Size([1000, 64, 64, 40])
test dataset shape:  torch.Size([200, 64, 64, 10]) torch.Size([200, 64, 64, 40])
train dataset shape:  torch.Size([1000, 64, 64, 10, 4]) torch.Size([1000, 64, 64, 40])
test dataset shape:  torch.Size([200, 64, 64, 10, 4]) torch.Size([200, 64, 64, 40])
preprocessing finished, time used: 3.267807748168707
3691157
0 28.969566406682134 0.7924317598342896 0.8426338014602661 0.6895290184020996 0.7569686079025268
1 27.857905020937324 0.6306453275680542 0.6967731733322143 0.5837843084335327 0.6494062805175781
2 27.941219054162502 0.5520595912933349 0.6121773242950439 0.5513611507415771 0.6127403450012207
3 27.838875118643045 0.5145254402160645 0.5713707475662232 0.5286568880081177 0.5908056020736694
4 27.976919196546078 0.4899072427749634 0.5430724859237671 0.5130510520935059 0.5743205261230468
5 27.606870777904987 0.4718064785003662 0.5226456661224366 0.4955337238311768 0.555024995803833
6 27.806294849142432 0.45059431457519533 0.49852628135681154 0.4839209222793579 0.5445815372467041
7 27.869615357369184 0.4448375301361084 0.4919051628112793 0.4815244483947754 0.5428735160827637
8 27.76551882363856 0.4249435772895813 0.46929517650604247 0.4705867385864258 0.5303623342514038
9 27.965151466429234 0.42269312000274656 0.4673670978546143 0.47567190647125246 0.5381172513961792
10 27.971190828830004 0.4136142644882202 0.457059365272522 0.4662293243408203 0.528463830947876
11 28.45639441907406 0.40518593263626096 0.4469429521560669 0.4613115119934082 0.524243106842041
12 27.066619623452425 0.39975706243515013 0.4423059940338135 0.46433640956878663 0.5286409044265747
13 27.20151682384312 0.3925001883506775 0.4330046157836914 0.45971551418304446 0.522730598449707
14 26.245740167796612 0.3927452082633972 0.43388755655288697 0.457764310836792 0.5213050127029419
15 26.824957406148314 0.38842772912979123 0.4290545721054077 0.4526395416259766 0.5168159008026123
16 26.19357647188008 0.3812346806526184 0.42012434339523314 0.450314621925354 0.5118861341476441
17 26.531046820804477 0.3740926942825317 0.41269276189804077 0.44864351749420167 0.514428038597107
18 26.323154171928763 0.36842643213272097 0.40636066293716433 0.4370210313796997 0.4994494295120239
19 26.969533571973443 0.36423635911941526 0.4012353525161743 0.4382746410369873 0.5036011266708375
20 26.185444748029113 0.36060012626647947 0.39749478101730346 0.43278698444366454 0.49604437828063963
21 26.699582623317838 0.358716242313385 0.3956043410301209 0.4274951505661011 0.49117308139801025
22 26.907582372426987 0.35203044509887693 0.3879668402671814 0.42183459281921387 0.4846575355529785
23 26.491478737443686 0.3508706498146057 0.38695946645736695 0.4273200845718384 0.49187994480133057
24 27.016706449911 0.3427138714790344 0.377718798160553 0.4207062816619873 0.483783106803894
25 25.7739466316998 0.3392758345603943 0.37414523124694826 0.43101666212081907 0.4979923343658447
26 27.214220359921455 0.3408401584625244 0.37609259033203124 0.4231489324569702 0.48833995819091797
27 26.702077459543943 0.3357260203361511 0.37014512968063357 0.4167112731933594 0.48127272605896
28 26.510252095758915 0.33262047052383426 0.3667904510498047 0.4196869945526123 0.48574944496154787
29 26.35511700809002 0.33244502305984497 0.36684356546401975 0.4135327076911926 0.4771527671813965
30 26.556195612996817 0.3348774094581604 0.37023301792144775 0.418816237449646 0.48199341297149656
31 26.656482327729464 0.33564922666549685 0.37068953609466554 0.4137934374809265 0.47541518211364747
32 26.334224577993155 0.3287244291305542 0.362649010181427 0.40633277416229246 0.4691035318374634
33 25.839895287528634 0.32390445899963377 0.3575561590194702 0.40220094203948975 0.4638120365142822
34 25.970711017027497 0.31952624940872193 0.3528550944328308 0.40672414302825927 0.4688065004348755
35 25.38776747509837 0.3172921099662781 0.3499727649688721 0.4104167485237122 0.474967942237854
36 26.266754807904363 0.31290274047851563 0.34564298105239866 0.40237614154815676 0.4670542860031128
37 26.978257182985544 0.31031709957122805 0.34238448286056516 0.4009793138504028 0.46462958335876464
38 26.05568178743124 0.31765754985809325 0.35105997848510745 0.41396470785140993 0.48094292640686037
39 27.004368033260107 0.31316312885284425 0.3459880509376526 0.39613532304763793 0.4600227308273315
40 26.19308095611632 0.30505191850662233 0.33712465476989745 0.39928000688552856 0.46521159648895266
41 27.116247348487377 0.3023932342529297 0.3343058042526245 0.39594633102416993 0.46272520065307615
42 26.560960052534938 0.29902688121795656 0.3304012265205383 0.39309903383255007 0.4584429025650024
43 26.019028959795833 0.30146374893188477 0.3333317542076111 0.4026015830039978 0.46692349910736086
44 26.404315564781427 0.30170647192001343 0.3338065810203552 0.3921386241912842 0.45421388149261477
45 26.558128679171205 0.3036839213371277 0.33634071445465086 0.3971968054771423 0.46255639553070066
46 25.85972267948091 0.30278707456588744 0.3350304441452026 0.39819294691085816 0.464118275642395
47 26.719000171869993 0.3049478945732117 0.33777038288116457 0.40584641456604004 0.4737817144393921
48 26.98579058609903 0.30783236646652223 0.34055266427993774 0.3994040155410767 0.4663510322570801
49 26.444111067801714 0.30119725942611697 0.33327927684783937 0.39222331047058107 0.4576856565475464
50 26.525987723842263 0.297344386100769 0.3288991327285767 0.3936792516708374 0.46087074756622315
51 25.836365159600973 0.2933344712257385 0.32495414209365847 0.39267563819885254 0.46043957233428956
52 26.46285094320774 0.291885899066925 0.3232892513275146 0.39322600841522215 0.4618712329864502
53 26.559230295941234 0.2932283000946045 0.3249183650016785 0.386978394985199 0.45093406677246095
54 26.970896627753973 0.2918317222595215 0.3232651047706604 0.39057629108428954 0.45689188957214355
55 26.526046438142657 0.29225509357452395 0.32376656675338744 0.38957308530807494 0.45493260860443113
56 27.170872440561652 0.29513418292999266 0.32749946022033694 0.3954824614524841 0.4628859567642212
57 26.540559444576502 0.2888463926315308 0.3202493104934692 0.39231583595275876 0.46062690258026123
58 26.411834746599197 0.285477023601532 0.31639344453811646 0.3911272168159485 0.4595504808425903
59 27.680287815630436 0.2849079051017761 0.31603165531158445 0.393574640750885 0.46409476280212403
60 26.95548026263714 0.28372492122650145 0.3143926224708557 0.38677266120910647 0.4560114860534668
61 26.55748832039535 0.2814407153129578 0.31222305154800417 0.38496973752975466 0.4531971549987793
62 26.768965173512697 0.2791880626678467 0.3096178569793701 0.38276889324188235 0.45047725677490236
63 26.373442275449634 0.27809605598449705 0.30847974300384523 0.3761451745033264 0.44111120223999023
64 26.642817987129092 0.2776765604019165 0.30787020540237425 0.3714229965209961 0.435499370098114
65 27.091068256646395 0.277379497051239 0.30796561431884767 0.3788192009925842 0.4481057834625244
66 26.7968932390213 0.2782447919845581 0.30896160411834717 0.38156106233596804 0.44961809158325194
67 26.4210187792778 0.2759704141616821 0.3062723650932312 0.37635294675827025 0.44267547607421875
68 26.174181947484612 0.27529647970199583 0.3058003358840942 0.388686363697052 0.45958590030670166
69 26.69740535505116 0.2817867269515991 0.3125816082954407 0.37757158756256104 0.4445982503890991
70 27.11263418197632 0.2780667414665222 0.3089627861976624 0.3820444488525391 0.45088184356689454
71 26.55363509617746 0.2764816646575928 0.30718071937561037 0.37786198616027833 0.4444821166992188
72 26.413029316812754 0.2775810942649841 0.30828893661499024 0.37889474153518676 0.4463900852203369
73 26.786521701142192 0.27698197507858274 0.3076544609069824 0.38323715448379514 0.45201008796691894
74 26.717657620087266 0.2738357648849487 0.30430418872833254 0.3764824628829956 0.44255093574523924
75 26.23323956131935 0.27363904857635496 0.3037740421295166 0.37725018739700317 0.4436549758911133
76 26.757556930184364 0.27504863929748535 0.30578391456604004 0.37576483249664305 0.4432135534286499
77 26.953256748616695 0.2734805083274841 0.3037976727485657 0.38133007287979126 0.451254301071167
78 27.199306305497885 0.26881397151947023 0.2987313146591187 0.37791669130325317 0.44705942153930667
79 26.507849929854274 0.2663651742935181 0.29623372459411623 0.37945605993270876 0.4488666915893555
80 26.486107259988785 0.2658846764564514 0.29548083019256594 0.37713165283203126 0.4474562883377075
81 26.744266871362925 0.265240523815155 0.2948526120185852 0.377843930721283 0.44595716953277587
82 26.90764318034053 0.2632822608947754 0.29268632555007934 0.3705299425125122 0.43810027599334717
83 26.074959311634302 0.2646659030914307 0.29474956798553464 0.3930863499641418 0.4689644336700439
84 26.529592065140605 0.2671642761230469 0.29721960163116456 0.3739724946022034 0.44446861743927
85 26.389959385618567 0.2655825819969177 0.29569666242599485 0.3741482448577881 0.4442778301239014
86 26.879772793501616 0.2665715703964233 0.296962287902832 0.37367188692092895 0.4431194829940796
87 26.805733930319548 0.26404340410232546 0.2939466519355774 0.3735685062408447 0.4423983526229858
88 26.35576179996133 0.2624812216758728 0.2922946305274963 0.37674463748931886 0.44823708057403566
89 25.994067749008536 0.26146537733078 0.2911738977432251 0.38123741626739505 0.45563162326812745
90 26.369307946413755 0.26796502590179444 0.2985593099594116 0.3791132092475891 0.4499169683456421
91 26.741242419928312 0.26815210151672364 0.2986762027740478 0.38265864133834837 0.4549072742462158
92 28.24248235858977 0.2697661952972412 0.30049958610534666 0.38220044612884524 0.45491753101348875
93 26.286297623068094 0.26397755336761475 0.2942094016075134 0.371729576587677 0.4408763933181763
94 26.316192660480738 0.26420045185089114 0.2941197700500488 0.3718146443367004 0.44034394264221194
95 26.758369132876396 0.2575396509170532 0.2865687146186829 0.3646948480606079 0.43053818702697755
96 25.817457385361195 0.2543484182357788 0.2830019783973694 0.3625997805595398 0.4293381929397583
97 27.032492673024535 0.25338929128646853 0.28239978504180907 0.3685547709465027 0.43935235500335695
98 27.174079617485404 0.2531141276359558 0.2821076874732971 0.3689839744567871 0.44045937061309814
99 26.493084287270904 0.25140808534622194 0.2803604917526245 0.3681007242202759 0.43849764823913573
100 26.80931543558836 0.24283886861801146 0.2707225751876831 0.35119924545288084 0.418175687789917
101 26.6930078715086 0.23298594188690186 0.2593593578338623 0.3504644823074341 0.4183518362045288
102 26.031653836369514 0.2289669551849365 0.25488483953475954 0.3503851866722107 0.41885544538497926
103 26.6100581176579 0.22793823099136354 0.2538819069862366 0.34864712715148927 0.4162645697593689
104 26.246566493064165 0.22702960920333862 0.2528659882545471 0.35217321634292603 0.4223015236854553
105 26.073630265891552 0.22669015312194823 0.2524963254928589 0.3542090940475464 0.42440266609191896
106 26.638203375041485 0.22724027824401855 0.25319254636764527 0.35180920362472534 0.4210200381278992
107 26.303824292495847 0.22747694444656372 0.25350893306732175 0.35381791830062864 0.42409714460372927
108 26.38463375531137 0.22739257287979125 0.2534953689575195 0.3528093767166138 0.4232956314086914
109 27.02540603093803 0.22811939811706544 0.2543759140968323 0.35318310976028444 0.42341283321380613
110 26.6750932559371 0.2270301876068115 0.25313604736328127 0.3526162195205689 0.42370100259780885
111 26.781716207042336 0.22644243383407592 0.2523934826850891 0.3526878786087036 0.42331187963485717
112 26.27359457500279 0.22689079332351686 0.2529889988899231 0.3571843481063843 0.4281530070304871
113 26.58048533089459 0.2271113348007202 0.25338685369491576 0.35053478956222534 0.4211110019683838
114 26.342230793088675 0.22696899557113648 0.25337054300308226 0.3519687104225159 0.42251804828643796
115 26.415104154497385 0.2273185725212097 0.25381128358840943 0.34941390514373777 0.4204892325401306
116 26.08241380378604 0.2267955961227417 0.2529592452049255 0.35337942838668823 0.4238437628746033
117 26.30730433575809 0.22568320751190185 0.2516894850730896 0.35162034034729006 0.4234199118614197
118 26.131263671442866 0.22432740831375123 0.25030635833740233 0.3527503037452698 0.4242754673957825
119 26.479579366743565 0.2242260570526123 0.25009195470809936 0.3485669374465942 0.419213502407074
120 26.274082822725177 0.22571494960784913 0.25160005617141723 0.3625415515899658 0.4372478246688843
121 27.157988108694553 0.22731569910049437 0.2535758652687073 0.3506199026107788 0.4215691947937012
122 25.99887559004128 0.22637732458114623 0.25277057456970214 0.34953506231307985 0.42088128566741945
123 26.606546500697732 0.22528052139282226 0.2515807371139526 0.3508410692214966 0.42206840753555297
124 26.7669861279428 0.22269915294647216 0.24859346199035645 0.34636806964874267 0.41764978885650633
125 26.418489368632436 0.2228877377510071 0.2489167232513428 0.3521628522872925 0.4235751962661743
126 26.48075940273702 0.2236095027923584 0.2498727707862854 0.3524218797683716 0.4255141091346741
127 26.132192946970463 0.2223787217140198 0.24823291492462157 0.3505487751960754 0.4216752481460571
128 26.850645700469613 0.2230843849182129 0.24900491428375243 0.34731378555297854 0.4179341650009155
129 26.703918194398284 0.2225141816139221 0.24857264041900634 0.34789475202560427 0.41905832052230835
130 26.993381841108203 0.22104454803466797 0.24688042545318603 0.35040157079696654 0.4222171449661255
131 25.79704924300313 0.21905251455307007 0.24454968309402467 0.34861347675323484 0.4193508052825928
132 26.499081406742334 0.21883600902557374 0.24436294746398926 0.34777427434921265 0.41880776166915895
133 26.966287415474653 0.22189457130432128 0.24800410461425781 0.34446259021759035 0.41437472581863405
134 26.321255607530475 0.21981168699264525 0.2453786497116089 0.34870205879211424 0.4208513355255127
135 25.78626944310963 0.22020053195953368 0.24611830806732177 0.3477815723419189 0.41917569637298585
136 27.189775802195072 0.21932599401473998 0.24517954778671264 0.3479104971885681 0.4200975513458252
137 26.277846490964293 0.218161452293396 0.24378188610076904 0.34609652280807496 0.41772332429885867
138 26.182026725262403 0.21847028160095214 0.2440363516807556 0.3423931050300598 0.4124236845970154
139 26.750055955722928 0.21676001930236816 0.2420162272453308 0.3407845449447632 0.41027340173721316
140 26.526607083156705 0.21680854415893555 0.24211095571517943 0.3452682852745056 0.41630704879760744
141 25.832920799031854 0.21716939401626587 0.24270010328292846 0.3477183389663696 0.41821606636047365
142 27.602514445781708 0.2185434365272522 0.24411845207214355 0.34397053718566895 0.41493468046188353
143 26.75749794393778 0.21732442331314086 0.24280445671081544 0.340908317565918 0.41139787912368775
144 27.535429818555713 0.21673380613327026 0.24214901733398436 0.3446230435371399 0.41578137397766113
145 26.318040668964386 0.21694571781158448 0.24250092601776124 0.3410542058944702 0.41051976442337035
146 26.761186132207513 0.21681094217300415 0.24217254829406737 0.34527666568756105 0.4176294708251953
147 26.63143560104072 0.21557458925247192 0.24110251474380492 0.3436185526847839 0.4142370009422302
148 26.792986147105694 0.21624936580657958 0.24168603801727295 0.3426703953742981 0.4141185665130615
149 26.69467549584806 0.21351303005218505 0.2385978808403015 0.34123428583145143 0.4118853712081909
150 26.655908327549696 0.21323953151702882 0.23834448194503785 0.34466407299041746 0.4169188976287842
151 26.968559140339494 0.21766050386428834 0.24343016481399535 0.34639764547348023 0.41854708194732665
152 25.80120151862502 0.21528617906570435 0.24077277040481568 0.3450643467903137 0.4168942165374756
153 27.143178943544626 0.21566609144210816 0.24110349750518797 0.3406499814987183 0.4103977155685425
154 26.560424860566854 0.2130372748374939 0.23797507762908934 0.33916295528411866 0.40785611152648926
155 26.6016058716923 0.2122537751197815 0.23711479377746583 0.33941069602966306 0.4109907865524292
156 26.103532465174794 0.21340629625320434 0.23856318807601928 0.3430304431915283 0.4134362149238586
157 26.612457025796175 0.2130100917816162 0.23828781270980834 0.34226327896118164 0.41332576274871824
158 26.50035642273724 0.21099866151809693 0.2356780185699463 0.3394883608818054 0.40991355419158937
159 26.682159651070833 0.21163703894615174 0.23648468828201294 0.33741400480270384 0.4066525936126709
160 27.124264298006892 0.21180375051498412 0.23657768344879151 0.3413616466522217 0.41304280281066896
161 26.976657543331385 0.21189575386047363 0.23672174644470215 0.3447605323791504 0.41757495880126955
162 26.989842420443892 0.21094114780426027 0.23561779260635377 0.3411431860923767 0.4121123385429382
163 27.604411935433745 0.21118296432495118 0.23615437412261964 0.33978574991226196 0.41061543464660644
164 27.847735170274973 0.21044202780723573 0.23528440141677856 0.3391353893280029 0.40978240966796875
165 27.969867773354053 0.21008995008468628 0.23497126483917236 0.34314287900924684 0.41565116167068483
166 27.875933203846216 0.20971194696426393 0.23448245286941527 0.3380280590057373 0.40810766696929934
167 27.812573911622167 0.21007214736938476 0.2349491229057312 0.3403215742111206 0.4118817949295044
168 27.785090390592813 0.21075383138656617 0.23574373531341553 0.33936468124389646 0.4104114556312561
169 27.74729255773127 0.2120199122428894 0.23722891283035277 0.34239998579025266 0.4147229766845703
170 27.62002025730908 0.2114523549079895 0.2364789638519287 0.33880942821502685 0.41064310789108277
171 27.840057209134102 0.2101107099056244 0.2351473069190979 0.3428005146980286 0.41511738061904907
172 27.92816978879273 0.2100150694847107 0.23486785221099854 0.33964832305908205 0.4108319592475891
173 28.056756153702736 0.20834772992134093 0.23286828804016113 0.3390162515640259 0.4101287293434143
174 28.114442847669125 0.20744453525543213 0.2318526029586792 0.3386053895950317 0.409442880153656
175 27.841279108077288 0.2086196529865265 0.23344053602218628 0.3363373064994812 0.4080348038673401
176 27.747998790815473 0.20795175528526305 0.2326157946586609 0.3491752862930298 0.424443416595459
177 28.158816639333963 0.20795748162269592 0.23253593158721925 0.33673280715942383 0.4092290186882019
178 27.51394408941269 0.2072914559841156 0.23175354719161986 0.3380316972732544 0.410596170425415
179 27.817752042785287 0.20792398524284364 0.2324668197631836 0.3383272504806519 0.4097870135307312
180 27.71457421220839 0.20697601318359374 0.23141523694992067 0.33328519105911253 0.403341178894043
181 27.86353693343699 0.20634158658981322 0.23070071935653685 0.33792982339859007 0.4098475241661072
182 27.524669852107763 0.20652493691444396 0.23095618724822997 0.3345653080940247 0.4054621934890747
183 27.74072496779263 0.20741598510742187 0.23202127838134765 0.3429111480712891 0.4164531135559082
184 27.88900580070913 0.20779525804519652 0.2325617175102234 0.3436915397644043 0.41781326770782473
185 27.91022727265954 0.20913654518127442 0.23402659034729004 0.34568971633911133 0.41791849851608276
186 27.701235882937908 0.20923555421829224 0.23403744888305664 0.3411509871482849 0.41258427143096926
187 27.543807411566377 0.20613315153121947 0.23076321363449095 0.3374967694282532 0.40986900091171263
188 28.169679889455438 0.20483252954483033 0.22908438396453856 0.3378233790397644 0.41002808094024656
189 27.705563997849822 0.20412814259529113 0.228354332447052 0.33413025856018064 0.4038678598403931
190 27.730484653264284 0.2043523247241974 0.22848731470108033 0.335066511631012 0.4060644268989563
191 27.739733589813113 0.20325136971473695 0.2273480920791626 0.3334613847732544 0.403926784992218
192 27.993794647976756 0.2024548590183258 0.2261426420211792 0.3387730073928833 0.41199365615844724
193 27.862014597281814 0.20301305723190308 0.2269616231918335 0.33541115999221804 0.40654797792434694
194 28.106635376811028 0.2058401484489441 0.23017327642440796 0.3402068495750427 0.41140974044799805
195 29.071957871317863 0.20721055269241334 0.23202093267440796 0.33324039697647095 0.4028589606285095
196 28.266483252868056 0.2060930733680725 0.2308529677391052 0.3350617718696594 0.4064348793029785
197 27.944208623841405 0.20421396136283876 0.22862904405593873 0.3361745524406433 0.40870514154434207
198 27.639470426365733 0.20274574089050293 0.22658851432800292 0.3324307465553284 0.40242217779159545
199 27.611664505675435 0.20167039012908936 0.22547635650634765 0.3395755004882812 0.41060118198394774
200 27.888050550594926 0.19868669486045837 0.22213700246810913 0.33004798412323 0.4007789826393127
201 27.734758215025067 0.1906906487941742 0.21289091396331788 0.3310146045684814 0.4028926372528076
202 27.75422460399568 0.1897216444015503 0.21186729955673217 0.32830904722213744 0.39848886251449583
203 27.864529157057405 0.1879282751083374 0.20974942898750304 0.331064817905426 0.4030602812767029
204 27.869228210300207 0.18703763508796692 0.20873616027832032 0.32805785179138186 0.398777871131897
205 27.951566319912672 0.18658817434310912 0.2082174470424652 0.32942694902420044 0.40119067192077634
206 27.46699719876051 0.1865716588497162 0.20817257380485535 0.3296936321258545 0.40162176847457887
207 27.765665577724576 0.1871600251197815 0.20886421632766725 0.3323929214477539 0.405146586894989
208 27.74773232638836 0.18790211820602418 0.20971189641952515 0.33303036689758303 0.4059303689002991
209 27.821714660152793 0.1875375247001648 0.20935989713668823 0.3327337384223938 0.4056746244430542
210 27.51976991072297 0.18718285751342773 0.2088772337436676 0.32785893440246583 0.3992230725288391
211 27.297488942742348 0.18703863883018493 0.20876992821693421 0.32937180757522583 0.4011728000640869
212 27.879904929548502 0.18773775053024291 0.20940129017829895 0.32925800085067747 0.4006622290611267
213 27.971069188788533 0.18765785717964173 0.20956675457954407 0.33132993936538696 0.40430973052978514
214 27.799187375232577 0.18709499740600585 0.2089270956516266 0.3301257348060608 0.4022683167457581
215 27.77610045671463 0.18828034138679503 0.21040007996559143 0.33071203708648683 0.40187612771987913
216 28.040850220248103 0.18803217577934264 0.20999177265167238 0.33021841049194334 0.40183258056640625
217 27.818205039948225 0.18772403907775878 0.20960599851608278 0.3307118058204651 0.40298250913619993
218 27.647372234612703 0.1876835353374481 0.20963979411125183 0.32969683170318603 0.4018645548820496
219 28.018556529656053 0.1869418375492096 0.208748272895813 0.3299016547203064 0.4025454115867615
220 27.638487031683326 0.18634168100357057 0.20802267646789552 0.3288090467453003 0.40040584325790407
221 27.740636901929975 0.1862688307762146 0.20803080201148988 0.3302059364318848 0.4028930568695068
222 27.580092195421457 0.18719490599632263 0.20924947023391724 0.33258288383483886 0.40567800521850583
223 27.432534582912922 0.18780154490470885 0.20966835641860962 0.3322260618209839 0.4057565450668335
224 28.036103257909417 0.1869128246307373 0.2088213653564453 0.3262819886207581 0.39715147733688355
225 27.99954125098884 0.18688117146492003 0.20873870539665224 0.3287118244171143 0.40069812536239624
226 27.89230576530099 0.18660966777801513 0.20854461765289306 0.33341390132904053 0.40745207786560056
227 27.788242671638727 0.1869814405441284 0.20893977904319763 0.3298793697357178 0.40153190135955813
228 27.79855790734291 0.18590415740013122 0.20781015419960022 0.3344027876853943 0.4084011077880859
229 27.93033598922193 0.18566368412971496 0.20744133353233338 0.32992494106292725 0.4021811175346375
230 27.60783039033413 0.18592333459854127 0.20767393970489503 0.32954762697219847 0.40230368614196776
231 27.691885152831674 0.185682199716568 0.20743504810333252 0.3311459565162659 0.40483200788497925
232 27.777795139700174 0.18586522364616395 0.20760860657691957 0.3294545197486877 0.40228504180908203
233 27.850808944553137 0.18497806644439696 0.2065969524383545 0.3302540898323059 0.40330517053604126
234 28.02013463154435 0.18494151377677917 0.20659255123138429 0.33264273405075073 0.40649334192276
235 27.643206691369414 0.18497163820266724 0.20656501388549806 0.3306076693534851 0.40419339179992675
236 27.50477634742856 0.18493339776992798 0.20657120776176452 0.3305133676528931 0.4035984468460083
237 27.328761979937553 0.18596832752227782 0.20778902530670165 0.32879865884780884 0.4011794066429138
238 27.828635454177856 0.1855491886138916 0.20731112623214723 0.3295132613182068 0.40234946489334106
239 27.677447045221925 0.18397918319702147 0.20550848293304444 0.32840240955352784 0.40127298355102536
240 27.656982334330678 0.18453214478492735 0.20618973350524902 0.3298882532119751 0.40246585845947264
241 27.196377370506525 0.18429576468467712 0.20592728877067565 0.3309525442123413 0.4040288662910461
242 27.940225675702095 0.18497439074516298 0.20674318432807923 0.3294732666015625 0.402340829372406
243 28.129532534629107 0.18378287768363952 0.20523711681365966 0.3303340435028076 0.4036308979988098
244 27.9010090790689 0.18405130195617675 0.20562821793556213 0.3301926565170288 0.40305529117584227
245 27.868709210306406 0.18415193367004395 0.20572003269195557 0.3285595464706421 0.4006680965423584
246 27.265101555734873 0.18287718200683595 0.2042738721370697 0.3287032461166382 0.401085262298584
247 27.701470313593745 0.18324131536483765 0.2045320827960968 0.32996469020843505 0.4033997583389282
248 27.89203048311174 0.18281932306289672 0.20416392660140992 0.3273898029327393 0.3996525621414185
249 27.944658305495977 0.18352560138702392 0.20496227836608888 0.3295193076133728 0.40241852045059207
250 27.77034272812307 0.18329322481155397 0.2047455401420593 0.32805140018463136 0.4002894401550293
251 27.721533589065075 0.1837461943626404 0.205510680437088 0.3277391195297241 0.40071735620498655
252 27.96624950505793 0.18300523710250854 0.20447862124443053 0.33083038330078124 0.4034222507476807
253 27.89773913100362 0.18368395829200745 0.20521101355552673 0.3303652572631836 0.40348084926605227
254 27.627594517543912 0.18345275354385376 0.2050604112148285 0.3263385200500488 0.39808897256851195
255 28.041363909840584 0.18367079758644103 0.20533211493492126 0.32997050523757937 0.4029972910881042
256 28.076904559507966 0.18185712575912474 0.20312872242927552 0.32782649993896484 0.4002783226966858
257 27.50837125070393 0.1817741951942444 0.20308426642417907 0.3258329367637634 0.3969860029220581
258 28.04336156323552 0.1815858778953552 0.20283138585090638 0.32501551151275637 0.3961675500869751
259 27.786112844944 0.18169598746299745 0.20291795206069946 0.3298245573043823 0.4021215605735779
260 29.900284031406045 0.18294815921783447 0.2045079503059387 0.32863382577896116 0.40046985387802125
261 27.804044427350163 0.18367012786865233 0.2054646999835968 0.3288296771049499 0.40172308921813965
262 27.83954269066453 0.1816171314716339 0.20277805685997008 0.32912990331649783 0.40267171859741213
263 27.92770498432219 0.18144257616996765 0.2026135220527649 0.3255497694015503 0.39679344892501833
264 28.011159665882587 0.1813375995159149 0.20254502773284913 0.32556567192077634 0.3975763487815857
265 27.77452079579234 0.1807640779018402 0.2019217095375061 0.3278562092781067 0.4008748865127563
266 28.002950370311737 0.18003128242492675 0.20102757120132447 0.3261478114128113 0.3972646355628967
267 27.767362905666232 0.17992171478271485 0.20095470142364502 0.32752673149108885 0.40068821668624877
268 27.883445773273706 0.17965187048912049 0.20077782940864564 0.3250112986564636 0.39693756103515626
269 27.935119055211544 0.17945428371429442 0.200452778339386 0.32532808542251584 0.3972170305252075
270 28.420867262408137 0.18023974585533142 0.20141727566719056 0.32646467208862306 0.3986731743812561
271 28.20902161113918 0.18060102438926698 0.20186983132362366 0.328068904876709 0.401148157119751
272 27.808355843648314 0.18048248028755187 0.20178169083595277 0.32867770195007323 0.40197734117507933
273 28.246873412281275 0.18080165195465087 0.20212908339500427 0.32621317625045776 0.39832165479660037
274 28.214133946225047 0.18010354804992676 0.20121548366546632 0.3251573729515076 0.3967741513252258
275 28.14651940576732 0.1797435212135315 0.20084252858161927 0.3249005961418152 0.39644651889801025
276 27.87968871742487 0.1808734076023102 0.20216963267326354 0.3249960732460022 0.3967660164833069
277 28.123691968619823 0.18041649889945985 0.20167971229553222 0.32690403938293455 0.3994854784011841
278 27.830365121364594 0.18049376034736633 0.20174664521217348 0.3265607047080994 0.39884931802749635
279 28.347821755334735 0.18152672910690307 0.20302259707450868 0.32996299743652346 0.4038602542877197
280 28.044730726629496 0.1819165985584259 0.20345496559143067 0.32433376550674436 0.39609264135360717
281 28.39984323270619 0.17963357877731323 0.2007052843570709 0.32776631593704225 0.4007319092750549
282 27.859457787126303 0.17851067018508912 0.19946413350105285 0.3244354510307312 0.39626055002212524
283 27.473998706787825 0.17919609737396242 0.20032035541534424 0.3254525947570801 0.3972198605537415
284 28.225071927532554 0.17887936282157899 0.19986862325668334 0.32647552967071536 0.3994476795196533
285 28.096355862915516 0.17816450905799866 0.19907611441612244 0.3284184646606445 0.4027889633178711
286 27.967476131394506 0.17820743370056152 0.1991494388580322 0.32481525897979735 0.39756366729736325
287 28.423483984544873 0.1777690267562866 0.19855780363082887 0.3235735726356506 0.39581058502197264
288 28.22113199904561 0.1776376791000366 0.19842858695983887 0.32447071552276613 0.39650657653808596
289 28.173165949061513 0.17828093314170837 0.19916036033630372 0.3289380264282227 0.40292815685272215
290 27.991464054211974 0.1777659649848938 0.1986628053188324 0.3250398540496826 0.3969309449195862
291 27.92860523238778 0.1778380103111267 0.19867135691642762 0.32296990394592284 0.39472840785980223
292 27.95667190477252 0.1787128756046295 0.19971116018295287 0.32485615015029906 0.3971924495697021
293 28.124561278149486 0.17949170327186584 0.2005298340320587 0.32280324697494506 0.39446104764938356
294 28.204495372250676 0.17809896779060364 0.19909580039978028 0.3244345760345459 0.39678761005401614
295 28.16004093363881 0.17803509378433227 0.19894099068641663 0.32445783615112306 0.39648802042007447
296 27.8113855086267 0.17802365517616273 0.19895159649848937 0.3285208797454834 0.40268308877944947
297 27.622499376535416 0.17922080993652345 0.2003777883052826 0.3265965485572815 0.3988425135612488
298 26.86959957703948 0.17915333580970763 0.20022038507461548 0.32397266387939455 0.3958788275718689
299 28.053295807912946 0.17824996638298035 0.19912524366378784 0.3263155102729797 0.3993217325210571
300 27.535619255155325 0.17448302102088928 0.19479555630683898 0.3240275621414185 0.396826376914978
301 27.824478156864643 0.17057341027259826 0.19029159021377565 0.3234384346008301 0.39650864601135255
302 28.16677679680288 0.16946735882759095 0.1890712308883667 0.32507858514785765 0.39885557889938356
303 27.539964646100998 0.1689812741279602 0.18847736930847167 0.3217754292488098 0.39433501482009886
304 27.67599193751812 0.1686904044151306 0.1881523756980896 0.32208138942718506 0.394587345123291
305 27.850156841799617 0.16896254849433898 0.18846196961402892 0.3241718339920044 0.39751319646835326
306 27.404401691630483 0.1688109896183014 0.1882828826904297 0.3238601064682007 0.39720094203948975
307 26.429098520427942 0.16864608073234558 0.18805994319915773 0.3238805222511292 0.39769413471221926
308 27.795704636722803 0.1685853683948517 0.18799087977409362 0.32383820056915286 0.39748462677001956
309 28.11997628211975 0.1688566026687622 0.1883516182899475 0.32313501358032226 0.39629785299301146
310 27.126692548394203 0.16896299576759338 0.18840403580665588 0.3240769124031067 0.39773417234420777
311 27.311617447063327 0.16894360709190367 0.1883947877883911 0.3246212577819824 0.3986247730255127
312 27.364531058818102 0.16837493205070495 0.18779218769073486 0.3238504672050476 0.39773652791976927
313 27.860693192109466 0.16859023690223693 0.18799626541137696 0.32287403821945193 0.3959735107421875
314 27.63595013320446 0.16894123101234437 0.18850668430328368 0.3257720422744751 0.40036214590072633
315 27.234506299719214 0.16880223345756531 0.1883002552986145 0.32413650274276734 0.39792810916900634
316 27.701133083552122 0.16865984177589416 0.1881342830657959 0.32491871118545534 0.3991999673843384
317 27.886514894664288 0.1685601408481598 0.18800889325141906 0.3239365267753601 0.3976214528083801
318 27.431930189952254 0.16870655059814454 0.18816750001907348 0.3250056099891663 0.39920610189437866
319 27.551395105198026 0.16854597187042236 0.18800747752189637 0.32374096393585206 0.3974439120292664
320 28.104131257161498 0.1687560579776764 0.1882069923877716 0.32546564102172854 0.399548807144165
321 27.51937227882445 0.16862349939346313 0.18806315493583678 0.32405158281326296 0.39802191495895384
322 27.659831251949072 0.16847235798835755 0.18783719325065612 0.3228894853591919 0.39618897676467896
323 27.428426023572683 0.1688207151889801 0.18829872822761537 0.3236622142791748 0.3973863101005554
324 27.57597278058529 0.16879588723182679 0.18824766325950623 0.3248226308822632 0.39913234949111936
325 27.984394060447812 0.1685592405796051 0.18801367163658142 0.32357302188873294 0.3976707625389099
326 27.53006632439792 0.16859081983566285 0.18800287199020385 0.32666127920150756 0.40166320562362673
327 28.09112666361034 0.16822128582000734 0.18765800166130067 0.32438720703125 0.39845632553100585
328 27.493599789217114 0.16811101770401002 0.18750855112075807 0.3253551769256592 0.3994641828536987
329 27.567742686718702 0.16804257559776306 0.18740810441970826 0.32460723400115965 0.39856762886047364
330 27.53942622244358 0.16818175959587098 0.18762322759628297 0.3227294564247131 0.396121141910553
331 27.98380319774151 0.1678191249370575 0.18718587160110473 0.324086332321167 0.39804270505905154
332 27.75407237187028 0.1674118514060974 0.18676551246643067 0.3246599221229553 0.3992475080490112
333 27.84791655652225 0.1678838541507721 0.1872530472278595 0.32602468729019163 0.4014434027671814
334 27.13671039044857 0.16810628628730773 0.18759593987464904 0.32374948978424073 0.3975725793838501
335 27.33675015717745 0.16768536734580994 0.18707034039497375 0.32561185359954836 0.40030957221984864
336 26.32362862303853 0.16749900937080384 0.18685152220726015 0.32527599573135374 0.3999663782119751
337 26.22253531590104 0.16760884547233582 0.1869604470729828 0.32526426315307616 0.3998164415359497
338 26.113007927313447 0.1671962251663208 0.1865077474117279 0.32427813529968263 0.398462815284729
339 26.421604128554463 0.16718530464172363 0.18641875314712525 0.3256144285202026 0.40061733484268186
340 26.832842571660876 0.16767545652389526 0.18704964017868042 0.3253584837913513 0.40007375955581664
341 25.695226373150945 0.16738025403022766 0.18669061017036437 0.32468903064727783 0.3994239139556885
342 25.619996555149555 0.16746092677116395 0.18680134558677675 0.32613042831420896 0.4012015509605408
343 26.156428281217813 0.16728835010528564 0.18657817435264587 0.32517496347427366 0.3998019242286682
344 26.297193164005876 0.16727073240280152 0.18648563289642334 0.32544607639312745 0.40023953914642335
345 25.973905699327588 0.1671465528011322 0.18635032653808595 0.32401702165603635 0.3979446530342102
346 25.686184462159872 0.1670285429954529 0.18629240250587464 0.32437551975250245 0.39926710844039914
347 25.922962160781026 0.16674076294898987 0.1859454550743103 0.3275728511810303 0.40309366941452024
348 25.253354776650667 0.1667771828174591 0.18601540088653565 0.32534586668014526 0.40008549451828
349 25.734088459983468 0.16659171938896178 0.18576047945022583 0.3242224311828613 0.39877103090286253
350 25.605039028450847 0.16669572043418884 0.1858824532032013 0.3269795346260071 0.4025437068939209
351 26.538917623460293 0.1666837797164917 0.18592470097541808 0.32377975463867187 0.3979964280128479
352 26.383961087092757 0.1664374222755432 0.18562034702301025 0.32414438009262087 0.3986774253845215
353 26.33155984058976 0.16676368021965027 0.1860246856212616 0.32564225912094114 0.4004548263549805
354 26.170746084302664 0.166697363615036 0.1859791910648346 0.3243975019454956 0.3991283655166626
355 26.53533846139908 0.16639078855514527 0.18556607055664062 0.3246297550201416 0.39948625802993776
356 25.052851332351565 0.1665176122188568 0.18565147471427917 0.32436720371246336 0.3990512037277222
357 26.22032729536295 0.166369686126709 0.18549914240837098 0.3237097978591919 0.3984016227722168
358 26.24774725548923 0.1669500696659088 0.18621695852279663 0.3264641547203064 0.40189712047576903
359 25.693798933178186 0.1676889953613281 0.18711579990386962 0.32318926334381104 0.3976692080497742
360 26.448445934802294 0.16655682468414307 0.1857343580722809 0.32504400968551633 0.3999767780303955
361 26.449167985469103 0.16576837682724 0.1849031813144684 0.32496620416641236 0.39993605375289915
362 26.1632514949888 0.16582312750816344 0.18490881991386413 0.3265812420845032 0.40234421014785765
363 26.33066589012742 0.16510521936416625 0.18413824987411498 0.3241608667373657 0.39907183170318605
364 26.01228067651391 0.16539105439186097 0.1844009268283844 0.3232544779777527 0.3977290487289429
365 25.923068845644593 0.16596524024009704 0.18503177428245546 0.322542188167572 0.3964803910255432
366 26.212793620303273 0.1658734655380249 0.18495882105827333 0.32304431200027467 0.3973560810089111
367 26.20058641768992 0.16566449236869812 0.1847598843574524 0.3237583494186401 0.3979502511024475
368 26.25281330011785 0.16551629424095154 0.1846455385684967 0.32418888330459594 0.39845160484313963
369 26.508747490122914 0.16540191912651062 0.1844268753528595 0.324558584690094 0.39972222805023194
370 26.036013865843415 0.16489628982543944 0.18391050267219544 0.3232619380950928 0.39734715938568116
371 26.204004414379597 0.16515413451194763 0.1841744623184204 0.3260791254043579 0.40172608852386477
372 25.861563619226217 0.16523351812362672 0.1843102924823761 0.32500314950942993 0.40041131496429444
373 26.197659192606807 0.1655328903198242 0.18464807105064393 0.3251574683189392 0.4002968192100525
374 26.55960944108665 0.16530804038047792 0.1843081374168396 0.3243494343757629 0.3993542671203613
375 27.0326674785465 0.16533349657058716 0.1843338997364044 0.3223253226280212 0.39663866758346555
376 26.46372226253152 0.1646791195869446 0.1835908863544464 0.3244205594062805 0.3992891597747803
377 26.08694414794445 0.16502141094207765 0.18401379919052124 0.3245514440536499 0.3993923854827881
378 25.565816992893815 0.16511027884483337 0.18413361525535585 0.3222199320793152 0.39598212003707883
379 26.099838756024837 0.16453757572174071 0.18341376876831056 0.32125561475753783 0.3950883650779724
380 26.094129744917154 0.16446505331993103 0.18335804533958436 0.32387978553771973 0.3987837553024292
381 27.13667717203498 0.16464751315116882 0.1835897283554077 0.32248289585113527 0.39659624099731444
382 26.38381234370172 0.16469382643699645 0.18368172955513 0.3247334265708923 0.3997149682044983
383 25.868020962923765 0.16431087708473205 0.18318518209457396 0.3240199875831604 0.399101288318634
384 26.315929375588894 0.16452928638458253 0.18343711972236634 0.3239763855934143 0.3987573742866516
385 26.35070471651852 0.16461317133903502 0.1835467505455017 0.3248351359367371 0.40034301280975343
386 25.576076364144683 0.16455165362358093 0.18351266741752625 0.3218098330497742 0.39549946069717407
387 26.695296600461006 0.16466253852844237 0.18362358021736144 0.32315988063812257 0.39783254384994504
388 26.521331444382668 0.16454808163642884 0.1834810950756073 0.32344669103622437 0.3984320545196533
389 26.40241144411266 0.16463813209533693 0.18365703105926515 0.32737773418426513 0.4037503743171692
390 25.529784213751554 0.16496086692810058 0.18394185256958007 0.32245468139648437 0.39665013790130615
391 25.931027567014098 0.1644433491230011 0.1834635696411133 0.3232766342163086 0.39842005014419557
392 26.350364167243242 0.16470338654518127 0.1836526951789856 0.32198200464248655 0.395882625579834
393 26.03554674051702 0.1641439278125763 0.18303761768341065 0.3236706757545471 0.3987687993049622
394 26.98362780548632 0.1640446605682373 0.1829811372756958 0.32455710172653196 0.39996970653533936
395 26.501274881884456 0.16395786833763124 0.1828185920715332 0.3231624031066895 0.39731828689575194
396 26.712222507223487 0.16401229071617127 0.18288562321662902 0.3253190016746521 0.4009248232841492
397 26.18678299151361 0.16428074169158935 0.1831580355167389 0.3233771824836731 0.3977760148048401
398 26.299633340910077 0.163639461517334 0.18244040369987488 0.3244689631462097 0.3997557854652405
399 25.827661603689194 0.1635641989707947 0.18240129232406616 0.3228375720977783 0.3977366924285889
400 24.992330003529787 0.161803218126297 0.18033127307891847 0.3227183198928833 0.39782938718795774
401 26.405993659049273 0.16001592683792115 0.17823560547828673 0.3220930767059326 0.39700673818588256
402 26.825100196525455 0.15924692034721374 0.1773557312488556 0.3232230091094971 0.3983964490890503
403 26.284602345898747 0.15893582582473756 0.17705567049980164 0.32254945278167724 0.3975617575645447
404 26.106488613411784 0.1587636625766754 0.17685305309295654 0.32346683740615845 0.3988572287559509
405 26.615833915770054 0.15891629195213317 0.1770114517211914 0.322287290096283 0.397028751373291
406 26.25944826565683 0.15879048156738282 0.17688304662704468 0.3230138659477234 0.3983124041557312
407 26.63311198540032 0.15878254389762878 0.1768705792427063 0.32416448831558226 0.39970247030258177
408 26.843365220353007 0.15888159942626953 0.17695925402641297 0.3229909729957581 0.3983864212036133
409 26.0624410379678 0.15877780938148497 0.1768007688522339 0.3232001805305481 0.39836878538131715
410 26.26860170252621 0.15871348857879639 0.1767640142440796 0.32338474988937377 0.3988831663131714
411 26.687313493341208 0.15888409757614136 0.17694307160377504 0.3233639311790466 0.3988877511024475
412 26.71601750329137 0.1587198624610901 0.17677526450157166 0.3237775373458862 0.3992414832115173
413 26.13275447115302 0.1586291048526764 0.17662691354751586 0.32350850343704224 0.3991405010223389
414 26.248041132465005 0.15852794671058654 0.17656258916854858 0.3237097692489624 0.39937495231628417
415 26.454716064035892 0.15877441215515137 0.17679684591293335 0.32470801830291746 0.40075190782547
416 26.2328149843961 0.1587656216621399 0.17681402397155763 0.3242174577713013 0.40013408184051513
417 26.54397639632225 0.15885163331031799 0.17693058490753175 0.3222778844833374 0.3973176121711731
418 26.716565849259496 0.1589937617778778 0.177036824464798 0.32363999366760254 0.39923272132873533
419 25.972818797454238 0.1588615095615387 0.17688208866119384 0.32347649812698365 0.39902361392974856
420 26.1460776142776 0.15902223348617553 0.1771053693294525 0.32372805118560793 0.3995199155807495
421 26.947659676894546 0.15892540097236632 0.17695391654968262 0.3239542555809021 0.3998337531089783
422 28.21263077482581 0.1586045708656311 0.17662336683273316 0.32423901557922363 0.40011044025421144
423 27.905778342857957 0.15869022226333618 0.17670938682556153 0.32425114393234256 0.40034109354019165
424 27.680039815604687 0.15862831568717956 0.17664766073226928 0.3249216890335083 0.40119633436203
425 27.9127535559237 0.1586329734325409 0.17666012954711913 0.3230649638175964 0.39857691049575805
426 27.726743400096893 0.15877517628669738 0.1768312792778015 0.3247616600990295 0.40073781728744506
427 27.816655930131674 0.15881793808937072 0.17690230464935303 0.3234071755409241 0.39892332077026366
428 27.78293963894248 0.15877653241157533 0.17683804225921632 0.32363115549087523 0.39944238901138307
429 27.760861344635487 0.15903118109703063 0.17713119292259216 0.3235916996002197 0.3992122554779053
430 28.162538643926382 0.1584902834892273 0.17650145196914674 0.3251879978179932 0.40153726100921633
431 28.71529663167894 0.15860462641716003 0.17661021637916566 0.3252147650718689 0.4014843726158142
432 27.81988761201501 0.15821402144432067 0.17615235066413878 0.32346792697906496 0.3993044924736023
433 27.89317669905722 0.15830851674079896 0.1762839775085449 0.324224066734314 0.3999004912376404
434 28.279616409912705 0.15831239295005797 0.1762875175476074 0.32371256351470945 0.39952945470809936
435 28.203769981861115 0.15828923678398132 0.17627795577049254 0.3235934281349182 0.3992675089836121
436 28.55229978263378 0.15820914602279662 0.17615824580192566 0.32402331590652467 0.39997114896774294
437 29.278734281659126 0.15823291182518007 0.17622739863395692 0.32416826009750366 0.40017019271850585
438 27.81939391605556 0.1582141742706299 0.17614575123786927 0.32396008253097536 0.39973739385604856
439 28.08507631905377 0.15822994303703308 0.17619325613975526 0.32382802963256835 0.39963006019592284
440 28.069453615695238 0.15806381726264954 0.17601110053062438 0.3234031629562378 0.39879188060760495
441 28.033810827881098 0.15797896313667298 0.1759115936756134 0.3244099998474121 0.4001489758491516
442 28.063755750656128 0.15828801465034484 0.17624364256858827 0.3232824730873108 0.39903672456741335
443 27.830144500359893 0.15788030862808228 0.1757629749774933 0.32318381309509275 0.39903850078582764
444 27.49677684903145 0.157963294506073 0.17588410520553588 0.3232939887046814 0.3989362359046936
445 28.007698852568865 0.1577543601989746 0.17564572691917418 0.3238155198097229 0.39989786863327026
446 28.505337990820408 0.15775363087654115 0.1756284258365631 0.32420446634292605 0.40038392305374143
447 29.010648598894477 0.15808104419708252 0.17601395988464355 0.32405478954315187 0.40013962507247924
448 28.05022268369794 0.15781343173980714 0.17569489979743957 0.32371525049209593 0.39990136623382566
449 28.007792023941875 0.1579129786491394 0.17583025527000426 0.3236104965209961 0.399340968132019
450 28.12842743471265 0.1580070786476135 0.17590020179748536 0.32393938779830933 0.39968464612960813
451 28.265007654204965 0.15783257603645326 0.17567858028411865 0.32351932525634763 0.39951411724090574
452 27.82380162924528 0.1576061532497406 0.1754577775001526 0.32455408334732055 0.40087730169296265
453 28.410271178930998 0.15753486490249632 0.17538960909843446 0.3245796489715576 0.4006487703323364
454 27.940047530457377 0.15761931133270263 0.1754858078956604 0.323411853313446 0.39924428701400755
455 28.197163244709373 0.15771363878250122 0.17560384488105774 0.3239148211479187 0.399989812374115
456 29.716138646006584 0.1577950358390808 0.17571791529655456 0.32417166233062744 0.40042121887207033
457 29.11311865784228 0.1575036618709564 0.17533866167068482 0.3236785221099854 0.3997059512138367
458 29.435787457972765 0.15753619408607483 0.17539175868034362 0.3228209209442139 0.398566792011261
459 29.36165059916675 0.15751326322555542 0.17535341143608094 0.3236920213699341 0.3992742419242859
460 29.164237409830093 0.15755121755599977 0.17539976716041564 0.32501782417297365 0.4015909028053284
461 29.429575491696596 0.15727498531341552 0.17508129787445068 0.3243397355079651 0.4004410743713379
462 29.0495334751904 0.15672111701965333 0.17447359991073608 0.3232139039039612 0.3991559600830078
463 28.99838937073946 0.156884450674057 0.17461786341667176 0.32334170341491697 0.39914214611053467
464 29.01689044572413 0.1571770396232605 0.17494078707695007 0.32359541177749634 0.3993432855606079
465 29.13935741223395 0.15742147111892701 0.1752357075214386 0.3231821537017822 0.39894307851791383
466 29.074626287445426 0.15731522250175475 0.17513214492797852 0.3245424222946167 0.4010791802406311
467 29.305593291297555 0.15742826390266418 0.1752172155380249 0.3242737507820129 0.4002149200439453
468 29.179782396182418 0.1570653920173645 0.1748271429538727 0.32426076412200927 0.4003288292884827
469 29.009574119001627 0.1572585575580597 0.17507006192207336 0.32306752681732176 0.39885648727416995
470 29.192478343844414 0.15707217359542847 0.17488041734695434 0.3230085206031799 0.39865108966827395
471 29.08492526039481 0.15679254817962646 0.17452649211883545 0.32411225080490114 0.4001926970481873
472 29.29336521960795 0.1569525921344757 0.17475598239898682 0.32451361417770386 0.40087934970855715
473 29.15581620670855 0.15673365879058837 0.17445617032051086 0.3248899269104004 0.4012979674339294
474 29.44966733083129 0.15667867469787597 0.17435897994041444 0.32398559093475343 0.40027086973190307
475 29.285319730639458 0.1568195776939392 0.1745029077529907 0.32308528661727903 0.3986616349220276
476 28.979498462751508 0.15685190057754517 0.17457165241241454 0.32380439281463624 0.399736967086792
477 29.098591240122914 0.15689325261116027 0.17466069579124452 0.32393110513687134 0.39994611978530886
478 29.16862765699625 0.15659431338310242 0.17434126281738282 0.3239589786529541 0.40030564069747926
479 29.03120932355523 0.15639454174041748 0.17408538699150086 0.32398328065872195 0.4003747582435608
480 29.090081099420786 0.15665977954864502 0.17438621616363525 0.32430348873138426 0.4007630228996277
481 28.89960797689855 0.1565364942550659 0.17424978113174439 0.3246352314949036 0.4012083959579468
482 28.88562474399805 0.15649684643745423 0.17420214772224427 0.3248829197883606 0.4016052222251892
483 29.183313401415944 0.15643886113166808 0.1741642005443573 0.3235819864273071 0.39958354711532595
484 28.91082752868533 0.15617189383506774 0.1738429958820343 0.325263946056366 0.40212326049804686
485 29.170619748532772 0.15661272811889648 0.17430829524993896 0.32386627435684207 0.4000450921058655
486 29.218618236482143 0.15652878260612488 0.17423567271232604 0.3245503711700439 0.40117794513702393
487 28.994002489373088 0.1563096218109131 0.17400900030136107 0.3235940003395081 0.3994868016242981
488 29.19255932047963 0.15640430164337157 0.17407332158088684 0.32452223062515256 0.40119688749313354
489 29.16849005408585 0.1563290436267853 0.17402591109275817 0.3245992636680603 0.4010807704925537
490 29.26755635999143 0.15623995923995973 0.17389264631271362 0.3243895697593689 0.40095029592514037
491 29.16041724011302 0.15593305587768555 0.17353344535827636 0.3233527874946594 0.3993724966049194
492 29.291169922798872 0.15599857139587403 0.17366140031814575 0.32389962673187256 0.40015196084976196
493 29.343383472412825 0.1561103491783142 0.17371300244331359 0.3242256999015808 0.400641131401062
494 29.389767587184906 0.15591949486732484 0.17355651450157167 0.323557448387146 0.3996222424507141
495 29.31746311672032 0.15606224489212037 0.1737370307445526 0.32395042181015016 0.4004193091392517
496 29.193941850215197 0.1557845561504364 0.1734327838420868 0.3231212639808655 0.399155113697052
497 29.239376548677683 0.15592609524726866 0.17352020955085753 0.3247149205207825 0.4014122915267944
498 29.185970574617386 0.15598309111595154 0.17358803820610047 0.32586581468582154 0.40313804149627686
499 29.056680476292968 0.156220463514328 0.17385814881324768 0.32397467374801636 0.4001428484916687
