500 0.0025 100 0.5
train dataset shape:  torch.Size([1000, 64, 64, 10]) torch.Size([1000, 64, 64, 10])
test dataset shape:  torch.Size([200, 64, 64, 10]) torch.Size([200, 64, 64, 10])
train dataset shape:  torch.Size([1000, 64, 64, 10, 4]) torch.Size([1000, 64, 64, 10])
test dataset shape:  torch.Size([200, 64, 64, 10, 4]) torch.Size([200, 64, 64, 10])
preprocessing finished, time used: 3.7616517022252083
3691157
0 17.999102860689163 0.030439557179808615 0.12175822871923446 0.014603373259305955 0.05841349303722382
1 18.772784411907196 0.016187167719006537 0.06474867087602615 0.013887311145663262 0.05554924458265305
2 18.971269465982914 0.01048241038620472 0.04192964154481888 0.009587602838873863 0.03835041135549545
3 18.071348287165165 0.013274798139929772 0.05309919255971909 0.016460138261318206 0.06584055304527282
4 18.69441358372569 0.014298926413059234 0.05719570565223694 0.011149491369724273 0.04459796547889709
5 18.832982504740357 0.012554428949952125 0.0502177157998085 0.018325625509023665 0.07330250203609466
6 18.612032992765307 0.026336807668209075 0.1053472306728363 0.021540717631578447 0.08616287052631379
7 19.255219673737884 0.0182377308011055 0.072950923204422 0.016411770582199097 0.06564708232879639
8 19.73122432269156 0.012660000741481782 0.050640002965927126 0.010145506784319878 0.040582027137279514
9 19.279719199985266 0.01116158366203308 0.04464633464813232 0.012041050866246223 0.048164203464984894
10 19.24538646452129 0.011201369374990463 0.04480547749996185 0.00877941943705082 0.03511767774820328
11 18.973672414198518 0.008691416740417481 0.034765666961669925 0.008312780000269413 0.033251120001077654
12 18.552889730781317 0.00940358506143093 0.03761434024572372 0.00881906971335411 0.03527627885341644
13 19.364690851420164 0.009909707263112069 0.039638829052448275 0.011038112044334412 0.04415244817733765
14 18.733641086146235 0.010244363009929657 0.04097745203971863 0.010309496521949768 0.04123798608779907
15 18.985127080231905 0.00876660980284214 0.03506643921136856 0.00842483639717102 0.03369934558868408
16 18.924418611451983 0.008181938722729683 0.03272775489091873 0.012741903886198997 0.05096761554479599
17 19.05534795112908 0.008691389724612236 0.03476555889844894 0.008097557052969932 0.03239022821187973
18 19.76131139136851 0.007913267627358436 0.031653070509433744 0.007153683304786682 0.02861473321914673
19 19.5730663780123 0.008143978297710418 0.032575913190841674 0.008151975944638252 0.03260790377855301
20 19.028562135994434 0.006416925199329853 0.025667700797319414 0.00697400838136673 0.02789603352546692
21 18.851492661982775 0.008246742434799672 0.032986969739198686 0.009675505980849266 0.03870202392339706
22 18.975364761427045 0.009470703028142452 0.03788281211256981 0.007740073800086975 0.0309602952003479
23 19.341673651710153 0.00919347795844078 0.03677391183376312 0.009811535105109214 0.03924614042043686
24 19.03892300464213 0.0075266934633255005 0.030106773853302002 0.009426715299487114 0.03770686119794846
25 19.567353082820773 0.008398407131433487 0.03359362852573395 0.008071845732629299 0.032287382930517194
26 18.947819463908672 0.008019068010151386 0.03207627204060554 0.006137857548892498 0.024551430195569993
27 18.788350854068995 0.008050504758954049 0.032202019035816196 0.006409422047436237 0.025637688189744948
28 19.41590896062553 0.008502687409520149 0.034010749638080595 0.010211647674441337 0.04084659069776535
29 18.782491981983185 0.008756303682923317 0.03502521473169327 0.0069526357203722 0.0278105428814888
30 19.261247692629695 0.00787317480146885 0.0314926992058754 0.007889159582555294 0.031556638330221175
31 18.69964832626283 0.0082441061809659 0.0329764247238636 0.007136827595531941 0.028547310382127763
32 18.699921229854226 0.006587926849722862 0.02635170739889145 0.006755273044109345 0.02702109217643738
33 18.667359163984656 0.007762396141886711 0.031049584567546844 0.007617402747273445 0.03046961098909378
34 19.063959067687392 0.0065304249003529545 0.026121699601411818 0.0064293151348829266 0.025717260539531706
35 19.379292534664273 0.0065003025084733965 0.026001210033893586 0.006982661709189415 0.02793064683675766
36 19.308809472247958 0.008232313089072704 0.032929252356290815 0.008963674902915955 0.03585469961166382
37 18.558583103120327 0.007521485455334187 0.030085941821336747 0.0061365335807204244 0.024546134322881698
38 19.52134244889021 0.00621650131046772 0.02486600524187088 0.006398392543196678 0.02559357017278671
39 19.252544812858105 0.007036031879484653 0.028144127517938614 0.007562297768890858 0.030249191075563432
40 18.282369447872043 0.008061410337686538 0.03224564135074615 0.010342271775007248 0.04136908710002899
41 19.53896646760404 0.00871660827845335 0.0348664331138134 0.0076305648684501645 0.030522259473800658
42 19.02743351459503 0.007660714246332645 0.03064285698533058 0.007754717692732811 0.031018870770931243
43 19.556847931817174 0.0077355970591306685 0.030942388236522674 0.007308191508054733 0.029232766032218933
44 19.514062775298953 0.007627563521265984 0.030510254085063936 0.007403409369289875 0.0296136374771595
45 19.3570649754256 0.008515793390572072 0.03406317356228829 0.008266369625926018 0.033065478503704074
46 19.04356454871595 0.009923253536224365 0.03969301414489746 0.011141178086400033 0.04456471234560013
47 19.28021008707583 0.008936236180365086 0.035744944721460344 0.0072215994447469714 0.028886397778987886
48 18.486310224980116 0.007645440302789211 0.030581761211156844 0.008314802348613738 0.03325920939445495
49 19.51626972295344 0.009013639263808727 0.03605455705523491 0.008238646164536477 0.03295458465814591
50 18.76700533181429 0.00911139675974846 0.03644558703899384 0.009928513914346696 0.03971405565738678
51 19.35919033177197 0.00942828743159771 0.03771314972639084 0.008677829131484032 0.03471131652593613
52 19.02835488319397 0.007984821818768978 0.03193928727507591 0.008089979365468025 0.0323599174618721
53 19.181360905990005 0.008829870998859405 0.03531948399543762 0.008667641282081605 0.03467056512832642
54 18.599778536707163 0.010662520825862885 0.04265008330345154 0.011562649384140969 0.046250597536563874
55 19.267618719488382 0.009282669484615326 0.0371306779384613 0.007673504650592804 0.030694018602371215
56 18.74021815508604 0.008837172076106072 0.03534868830442429 0.00937523901462555 0.0375009560585022
57 19.274726944044232 0.011291713118553162 0.04516685247421265 0.010471790581941604 0.04188716232776642
58 19.27010526135564 0.0105496047437191 0.0421984189748764 0.011860863119363785 0.04744345247745514
59 19.226025408133864 0.010622654229402543 0.04249061691761017 0.009436850920319557 0.03774740368127823
60 19.06993635185063 0.008499537080526353 0.03399814832210541 0.007994124740362167 0.03197649896144867
61 19.217824921011925 0.007102180682122708 0.02840872272849083 0.007013218402862549 0.028052873611450195
62 18.32692712917924 0.007255519360303879 0.029022077441215516 0.008215521089732647 0.032862084358930586
63 19.16943939588964 0.006669537082314491 0.026678148329257963 0.006477839015424251 0.025911356061697005
64 19.201263274997473 0.007414312824606895 0.02965725129842758 0.007611662074923515 0.03044664829969406
65 19.18429663218558 0.006737631879746914 0.026950527518987657 0.007365488819777966 0.029461955279111864
66 18.820204744115472 0.007655512779951096 0.030622051119804383 0.007911726608872413 0.031646906435489654
67 19.0007156804204 0.006626820646226406 0.026507282584905624 0.007646473944187164 0.030585895776748657
68 18.370754217728972 0.007534741595387459 0.030138966381549837 0.006912862658500671 0.027651450634002685
69 19.275220407173038 0.00634396131336689 0.02537584525346756 0.006700225882232189 0.026800903528928756
70 19.04419008269906 0.0071047632023692135 0.028419052809476854 0.013872769698500632 0.05549107879400253
71 19.3649136479944 0.00772847830504179 0.03091391322016716 0.008086638674139977 0.03234655469655991
72 19.650060201063752 0.006896360166370868 0.027585440665483473 0.006644706055521965 0.02657882422208786
73 18.720081765204668 0.006898796856403351 0.027595187425613402 0.00860853049904108 0.03443412199616432
74 18.877747409045696 0.0072355281934142115 0.028942112773656846 0.007176688201725483 0.028706752806901933
75 18.927378637716174 0.0076645098477602005 0.030658039391040802 0.008766448125243187 0.03506579250097275
76 19.66765658929944 0.008621801421046257 0.03448720568418503 0.00839768897742033 0.03359075590968132
77 19.346592627465725 0.007967587634921074 0.031870350539684296 0.007467945441603661 0.029871781766414644
78 18.641055047512054 0.007368267305195331 0.029473069220781325 0.007262893952429295 0.02905157580971718
79 18.368677612394094 0.0066059774979948995 0.026423909991979598 0.006508667729794979 0.026034670919179916
80 19.110765213146806 0.006743722431361675 0.0269748897254467 0.0073625193908810616 0.029450077563524246
81 19.242898114025593 0.006926188014447689 0.027704752057790757 0.005964346379041672 0.023857385516166688
82 19.57096312381327 0.006526090390980244 0.026104361563920975 0.00934849925339222 0.03739399701356888
83 18.98902585916221 0.006725595779716969 0.026902383118867876 0.008663123138248921 0.034652492552995684
84 18.98001496680081 0.007478195637464523 0.029912782549858092 0.007222580648958683 0.028890322595834732
85 18.67619994841516 0.006194626860320568 0.024778507441282273 0.005745817348361016 0.022983269393444063
86 18.542368970811367 0.007170877173542976 0.028683508694171904 0.007531222254037857 0.03012488901615143
87 18.7889484744519 0.00609355890005827 0.02437423560023308 0.005716344639658928 0.022865378558635713
88 19.15814932063222 0.0057674100175499916 0.023069640070199966 0.007208714000880718 0.028834856003522872
89 19.229744346812367 0.006045548759400845 0.02418219503760338 0.007019671462476253 0.028078685849905013
90 18.67824526876211 0.007050154112279415 0.02820061644911766 0.006699434854090214 0.026797739416360856
91 18.8231009375304 0.00708031514286995 0.0283212605714798 0.00611830972135067 0.02447323888540268
92 19.283118464052677 0.00607091673463583 0.02428366693854332 0.005743711516261101 0.022974846065044404
93 18.59211017936468 0.005762083232402801 0.023048332929611205 0.005494843348860741 0.021979373395442963
94 18.86290768906474 0.006057055227458477 0.024228220909833908 0.006782139949500561 0.027128559798002244
95 18.346421035006642 0.005792329140007496 0.023169316560029983 0.005981432981789112 0.023925731927156448
96 18.6388329397887 0.00533405739068985 0.0213362295627594 0.005672764740884304 0.022691058963537215
97 18.241700870916247 0.00784593477845192 0.03138373911380768 0.01022691659629345 0.0409076663851738
98 19.11740991473198 0.007657817453145981 0.030631269812583923 0.0058083260059356686 0.023233304023742674
99 18.441417630761862 0.006777949504554272 0.027111798018217087 0.006679424755275249 0.026717699021100997
100 19.214975425973535 0.005417372044175864 0.021669488176703455 0.00570148590952158 0.02280594363808632
101 19.35405497252941 0.004963788274675608 0.019855153098702432 0.005389668457210064 0.021558673828840257
102 17.770314946770668 0.004758621327579021 0.019034485310316086 0.005197668597102165 0.02079067438840866
103 19.12039223127067 0.005279906056821346 0.021119624227285385 0.006346070524305105 0.02538428209722042
104 18.38142255693674 0.004433160524815321 0.017732642099261283 0.004499151725322008 0.017996606901288032
105 18.578502694144845 0.004160489652305841 0.016641958609223365 0.004409295432269573 0.017637181729078293
106 19.065358705818653 0.004719458371400833 0.018877833485603332 0.004378726035356522 0.017514904141426087
107 19.345679003745317 0.005343617938458919 0.021374471753835677 0.006762665323913097 0.027050661295652388
108 19.019376499578357 0.00639624398201704 0.02558497592806816 0.005633905231952667 0.022535620927810668
109 18.63125055283308 0.007145568184554577 0.028582272738218308 0.010734964683651925 0.0429398587346077
110 18.368158757686615 0.010789974331855775 0.0431598973274231 0.012458456382155418 0.04983382552862167
111 19.544269185513258 0.006955225929617882 0.027820903718471526 0.005832133963704109 0.023328535854816437
112 18.625940181314945 0.0058247014880180355 0.023298805952072142 0.0049247795157134535 0.019699118062853814
113 18.480078360065818 0.00484639261290431 0.01938557045161724 0.0048125765286386015 0.019250306114554406
114 18.784139931201935 0.00580579686909914 0.02322318747639656 0.007869896069169045 0.03147958427667618
115 19.368750236928463 0.006852188639342785 0.02740875455737114 0.009423232153058052 0.03769292861223221
116 19.212362695485353 0.007497158609330654 0.029988634437322616 0.006003310419619084 0.024013241678476335
117 18.972558526322246 0.00553716592490673 0.02214866369962692 0.006556381285190582 0.02622552514076233
118 18.657938577234745 0.005576606001704931 0.022306424006819724 0.006234158016741276 0.024936632066965104
119 18.608730727806687 0.005690835479646921 0.022763341918587685 0.004389351364225149 0.017557405456900595
120 18.89152205362916 0.0052425492480397224 0.02097019699215889 0.005041978918015957 0.020167915672063826
121 18.866843862459064 0.004991373002529144 0.019965492010116576 0.005413779020309448 0.021655116081237793
122 18.994072575122118 0.004846799205988645 0.01938719682395458 0.005612951405346393 0.022451805621385573
123 18.917541295289993 0.00406946136802435 0.0162778454720974 0.004851927682757377 0.01940771073102951
124 17.920693391934037 0.004881055939942598 0.019524223759770393 0.0054203904420137405 0.021681561768054962
125 18.346395248547196 0.004911747712641954 0.019646990850567817 0.004934856295585632 0.019739425182342528
126 18.439572632312775 0.005015276428312063 0.02006110571324825 0.00518010463565588 0.02072041854262352
127 19.136744610965252 0.004418982837349176 0.017675931349396705 0.005058411732316017 0.02023364692926407
128 18.858603920787573 0.005146855749189854 0.020587422996759416 0.006492100954055786 0.025968403816223146
129 18.90756687708199 0.004979038998484612 0.019916155993938447 0.00548078116029501 0.02192312464118004
130 18.76872042194009 0.005639225862920284 0.022556903451681137 0.006478984206914902 0.025915936827659608
131 18.6145911924541 0.006290226727724075 0.0251609069108963 0.008573383614420891 0.034293534457683565
132 19.062570940703154 0.006008091188967228 0.024032364755868913 0.005983193404972553 0.023932773619890213
133 18.81297067925334 0.006227619729936123 0.024910478919744492 0.005930925793945789 0.023723703175783158
134 18.63987729512155 0.005239206075668335 0.02095682430267334 0.006334868557751179 0.025339474231004716
135 18.819932848215103 0.005772174034267664 0.023088696137070656 0.004759696424007416 0.019038785696029664
136 18.468300787732005 0.005242343287914991 0.020969373151659965 0.0045793473720550535 0.018317389488220214
137 18.79628774523735 0.004581316504627466 0.018325266018509864 0.004938922114670277 0.019755688458681107
138 19.59300160035491 0.005126797620207071 0.020507190480828285 0.0049944290891289714 0.019977716356515886
139 19.30978187918663 0.005079039294272661 0.020316157177090646 0.00572914320975542 0.02291657283902168
140 18.76625490374863 0.00446260005235672 0.01785040020942688 0.004948712177574635 0.01979484871029854
141 18.889806117862463 0.00466260552033782 0.01865042208135128 0.005614438708871603 0.022457754835486413
142 18.472957672551274 0.0049535797350108626 0.01981431894004345 0.006378300450742245 0.02551320180296898
143 18.31091300956905 0.005218468483537435 0.02087387393414974 0.005383332036435604 0.021533328145742416
144 18.882784033194184 0.005670441217720508 0.022681764870882033 0.007395791225135327 0.029583164900541307
145 18.824544357135892 0.006163851328194142 0.024655405312776567 0.006515743210911751 0.026062972843647003
146 18.895500103011727 0.0073318761438131335 0.029327504575252534 0.0053890573233366015 0.021556229293346406
147 19.62436336092651 0.005107523865997791 0.020430095463991164 0.00496226318180561 0.01984905272722244
148 19.710593331605196 0.0041057666502892975 0.01642306660115719 0.005376011617481708 0.021504046469926832
149 18.944243183359504 0.004506326261907816 0.018025305047631265 0.0044993718899786475 0.01799748755991459
150 18.877688594162464 0.00536705869436264 0.02146823477745056 0.004988958649337291 0.019955834597349165
151 19.11867451481521 0.004673080991953612 0.018692323967814447 0.0046210639737546445 0.018484255895018578
152 18.22019537910819 0.004848975237458944 0.019395900949835777 0.005442928485572338 0.021771713942289352
153 18.880103019997478 0.005168583687394857 0.02067433474957943 0.005690149776637554 0.022760599106550216
154 18.629321901127696 0.004431835100054741 0.017727340400218963 0.005651951190084219 0.022607804760336875
155 18.849259501323104 0.005153882581740618 0.02061553032696247 0.004980634599924087 0.01992253839969635
156 19.392134379595518 0.005334979154169559 0.021339916616678237 0.007277200520038604 0.029108802080154417
157 18.819172834977508 0.005410847745835781 0.021643390983343124 0.005273869819939136 0.021095479279756545
158 18.372084820643067 0.0052064784429967405 0.020825913771986962 0.0055388337746262555 0.022155335098505022
159 19.453646140173078 0.0042354527078568936 0.016941810831427574 0.005118649415671825 0.0204745976626873
160 18.17997446283698 0.005223389029502869 0.020893556118011476 0.006652295887470246 0.026609183549880983
161 18.96943875774741 0.0051830469146370885 0.020732187658548354 0.006670995689928532 0.026683982759714127
162 19.683388751000166 0.0057834178507328035 0.023133671402931214 0.006906728334724903 0.027626913338899613
163 19.31264247186482 0.005207891471683979 0.020831565886735917 0.005270318388938904 0.021081273555755616
164 19.137069353833795 0.004270942687988282 0.017083770751953126 0.005093339569866657 0.020373358279466628
165 17.9783144723624 0.005063953708857298 0.02025581483542919 0.0050403097458183764 0.020161238983273506
166 19.083753615617752 0.004611969966441393 0.01844787986576557 0.004721061345189809 0.018884245380759238
167 18.677059860900044 0.005296892378479242 0.021187569513916968 0.004937539268285036 0.019750157073140144
168 19.044267281889915 0.004977458342909813 0.019909833371639252 0.004816903844475746 0.019267615377902985
169 18.706917768344283 0.004673594001680613 0.01869437600672245 0.005496787875890732 0.021987151503562927
170 19.240001088008285 0.005619755260646344 0.022479021042585375 0.005396546386182308 0.02158618554472923
171 19.374883821234107 0.005012369595468045 0.02004947838187218 0.004964020028710365 0.01985608011484146
172 18.8414844032377 0.004209541942924261 0.016838167771697044 0.006621324494481087 0.026485297977924347
173 18.766451455652714 0.005561180390417576 0.022244721561670303 0.0052744106762111186 0.021097642704844474
174 18.786925921216607 0.004953713301569224 0.019814853206276895 0.005548526849597692 0.02219410739839077
175 18.7932788990438 0.003914189197123051 0.015656756788492203 0.0046863540075719355 0.018745416030287742
176 18.644211754202843 0.0038253533951938153 0.015301413580775261 0.004832926951348781 0.019331707805395126
177 19.26669825054705 0.004044904675334692 0.016179618701338768 0.005368853248655796 0.021475412994623185
178 18.631713662296534 0.004183201219886541 0.016732804879546165 0.004977677147835493 0.01991070859134197
179 18.483721651136875 0.005135132446885109 0.020540529787540437 0.005687340162694454 0.022749360650777817
180 19.723810486495495 0.0042356386743485925 0.01694255469739437 0.004938211273401976 0.019752845093607904
181 19.352139208465815 0.004543216831982136 0.018172867327928544 0.004379733446985484 0.017518933787941934
182 19.655138848349452 0.004307052813470364 0.017228211253881454 0.004419476259499788 0.017677905037999153
183 19.83111043088138 0.004332366202026605 0.01732946480810642 0.004922284707427025 0.0196891388297081
184 19.693691162392497 0.004808231089264155 0.01923292435705662 0.0050425555370748045 0.020170222148299218
185 19.61916809529066 0.00580634655803442 0.02322538623213768 0.0068862497434020046 0.027544998973608018
186 19.714730048552155 0.005820674411952495 0.02328269764780998 0.008003726638853549 0.032014906555414196
187 19.788060570135713 0.006419872015714646 0.025679488062858583 0.005785372518002987 0.02314149007201195
188 19.692026242613792 0.005410502508282662 0.021642010033130647 0.00546637624502182 0.02186550498008728
189 19.470562057569623 0.004520666152238846 0.018082664608955384 0.005311862900853157 0.02124745160341263
190 19.648726070299745 0.004883594751358032 0.019534379005432128 0.004399198032915592 0.01759679213166237
191 19.773811753839254 0.004701698698103428 0.018806794792413713 0.005190875604748726 0.020763502418994904
192 19.48236677981913 0.0050462536662817005 0.020185014665126802 0.005486058183014393 0.021944232732057572
193 19.735770422965288 0.006513447016477585 0.02605378806591034 0.007794431000947952 0.031177724003791808
194 19.69113983772695 0.007426072806119919 0.029704291224479675 0.007312361188232899 0.029249444752931595
195 19.58726889640093 0.006625074319541454 0.026500297278165816 0.0074234366044402126 0.02969374641776085
196 19.692497504875064 0.006639305166900158 0.02655722066760063 0.006525672636926174 0.026102690547704695
197 19.748848628252745 0.005897218160331249 0.023588872641324997 0.006356008388102055 0.02542403355240822
198 19.70400814898312 0.006054032482206821 0.024216129928827285 0.006073061525821686 0.024292246103286744
199 19.703997500240803 0.005560259312391281 0.022241037249565124 0.006231155954301357 0.024924623817205428
200 19.757120568305254 0.005002779971808195 0.02001111988723278 0.005509462337940931 0.022037849351763724
201 19.87159046716988 0.004462175682187081 0.017848702728748323 0.004691928289830684 0.018767713159322737
202 19.64147712662816 0.003825736042112112 0.015302944168448449 0.004430162329226732 0.01772064931690693
203 19.567670861259103 0.004005665093660355 0.01602266037464142 0.0042731547355651855 0.017092618942260742
204 19.67858442105353 0.004347709961235523 0.017390839844942094 0.004517547581344843 0.018070190325379373
205 19.721222084015608 0.004156869430094958 0.01662747772037983 0.004639268945902586 0.018557075783610343
206 19.584354054182768 0.004019309304654598 0.016077237218618392 0.004721357934176922 0.01888543173670769
207 19.860822653397918 0.004142235029488802 0.01656894011795521 0.004560800716280938 0.01824320286512375
208 19.78346179239452 0.0036077514290809632 0.014431005716323853 0.004088778886944056 0.016355115547776224
209 19.67707105539739 0.003736126530915499 0.014944506123661995 0.004135802313685417 0.01654320925474167
210 19.701101325452328 0.003467595487833023 0.013870381951332092 0.00421163322404027 0.01684653289616108
211 19.74410185031593 0.00322688552364707 0.01290754209458828 0.004432892464101315 0.01773156985640526
212 19.71379209123552 0.003726802460849285 0.01490720984339714 0.005853047408163547 0.02341218963265419
213 19.668841656297445 0.004053456448018551 0.016213825792074203 0.005695391856133938 0.022781567424535753
214 19.43630599603057 0.0035072933733463285 0.014029173493385314 0.004251893498003483 0.01700757399201393
215 19.747829040512443 0.0038411161042749883 0.015364464417099953 0.004577506259083748 0.01831002503633499
216 19.879103371873498 0.0051527655869722366 0.020611062347888946 0.005497948527336121 0.021991794109344483
217 19.20435137487948 0.004679683838039636 0.018718735352158546 0.004635513927787542 0.018542055711150168
218 19.763119108974934 0.0043024722933769225 0.01720988917350769 0.004425173532217741 0.017700694128870965
219 19.777401035651565 0.003641134764999151 0.014564539059996605 0.004275042917579412 0.01710017167031765
220 19.56713879853487 0.003604805205017328 0.014419220820069313 0.004568733312189579 0.018274933248758316
221 19.835117507725954 0.004397351793944836 0.017589407175779344 0.004501518104225397 0.018006072416901588
222 19.69873295724392 0.004182781253010035 0.01673112501204014 0.004672660697251558 0.018690642789006232
223 19.764454940333962 0.0047686387076973915 0.019074554830789566 0.0048583164997398854 0.019433265998959542
224 19.672872936353087 0.0036578374058008193 0.014631349623203277 0.004348734375089407 0.01739493750035763
225 19.7024071700871 0.0041182230077683925 0.01647289203107357 0.004248772766441106 0.016995091065764426
226 19.300920110195875 0.003993713516741991 0.015974854066967963 0.004578633345663548 0.01831453338265419
227 19.623593339696527 0.004419689804315567 0.01767875921726227 0.004151277281343937 0.016605109125375748
228 19.783918233588338 0.0035177867896854878 0.014071147158741951 0.004676835928112268 0.018707343712449073
229 19.646718319505453 0.003751733385026455 0.01500693354010582 0.00447648448869586 0.01790593795478344
230 19.50755183957517 0.004373629242181778 0.01749451696872711 0.0048943286389112476 0.01957731455564499
231 19.77749453857541 0.003232403703033924 0.012929614812135696 0.004158309977501631 0.016633239910006523
232 19.899613762274384 0.004199581079185009 0.016798324316740037 0.00418993329629302 0.01675973318517208
233 19.8360125888139 0.003964474860578776 0.015857899442315103 0.004211067501455545 0.01684427000582218
234 19.91140365600586 0.003689430080354214 0.014757720321416855 0.004613503646105528 0.018454014584422113
235 19.65851308591664 0.0041864016242325304 0.016745606496930122 0.005351872593164444 0.021407490372657777
236 19.593389680609107 0.0037681389786303043 0.015072555914521217 0.004491152372211218 0.01796460948884487
237 19.59903528355062 0.0036647772304713726 0.01465910892188549 0.004124221969395876 0.016496887877583504
238 19.71077141351998 0.004308774162083864 0.017235096648335457 0.004962423965334892 0.01984969586133957
239 19.601254627108574 0.0032828305773437024 0.01313132230937481 0.0041314736567437645 0.016525894626975058
240 19.759533636271954 0.003206404842436314 0.012825619369745255 0.004557375051081181 0.018229500204324723
241 19.64745745062828 0.0034824142903089523 0.01392965716123581 0.004393022246658802 0.017572088986635207
242 19.497024884447455 0.00425393944606185 0.0170157577842474 0.004664763435721397 0.018659053742885588
243 19.77855102904141 0.003772749051451683 0.015090996205806732 0.004124440476298332 0.01649776190519333
244 19.81566108763218 0.0039039238952100278 0.015615695580840111 0.004424672126770019 0.017698688507080076
245 19.716551557183266 0.0036206971257925036 0.014482788503170014 0.00440031973645091 0.01760127894580364
246 19.703472526744008 0.00450752243027091 0.01803008972108364 0.004569905493408442 0.018279621973633767
247 19.662738472223282 0.004493050429970026 0.017972201719880104 0.005061264056712389 0.020245056226849557
248 19.59524390846491 0.004214019764214754 0.016856079056859017 0.004647535625845194 0.018590142503380775
249 19.845329832285643 0.004267400950193405 0.01706960380077362 0.0040671356767416 0.0162685427069664
250 19.87219386175275 0.0034223375655710697 0.013689350262284279 0.004073457531630993 0.01629383012652397
251 19.59899695031345 0.0037477096281945707 0.014990838512778283 0.005035355780273676 0.020141423121094702
252 19.560283740982413 0.004559123028069735 0.01823649211227894 0.007413312289863825 0.0296532491594553
253 19.358730183914304 0.0036027315631508828 0.014410926252603531 0.00410421822220087 0.01641687288880348
254 19.55857540294528 0.003517032127827406 0.014068128511309624 0.0042451201193034645 0.016980480477213858
255 19.542037963867188 0.003506606454029679 0.014026425816118716 0.00424502681940794 0.01698010727763176
256 19.64634488336742 0.0032009213343262674 0.01280368533730507 0.004279177896678448 0.017116711586713792
257 19.659425338730216 0.0035354490876197816 0.014141796350479127 0.004253592267632484 0.017014369070529937
258 19.60946716554463 0.0035327926017343996 0.014131170406937598 0.00403544595465064 0.01614178381860256
259 19.807221634313464 0.003604841157793999 0.014419364631175996 0.004333994872868061 0.017335979491472243
260 20.210770336911082 0.003745055017992854 0.014980220071971416 0.0038966640178114175 0.01558665607124567
261 20.0722522623837 0.004065712379291654 0.016262849517166614 0.004112551063299179 0.016450204253196717
262 19.888636799529195 0.0034157831277698276 0.01366313251107931 0.004208670165389776 0.016834680661559104
263 19.68038732931018 0.0033841368984431027 0.013536547593772411 0.0040330949798226354 0.016132379919290542
264 19.75595753826201 0.0034448711797595024 0.01377948471903801 0.004374425206333399 0.017497700825333595
265 19.664032340049744 0.0037441351786255835 0.014976540714502334 0.004903639610856772 0.019614558443427087
266 19.81123050674796 0.0038063605092465876 0.01522544203698635 0.003963222019374371 0.015852888077497483
267 19.63592727482319 0.0037608678713440895 0.015043471485376358 0.004222657606005669 0.016890630424022675
268 19.66282588429749 0.003826399836689234 0.015305599346756935 0.004413812346756458 0.017655249387025833
269 19.599570428952575 0.0035464001074433328 0.014185600429773331 0.004256578776985407 0.017026315107941628
270 19.801209423691034 0.004355740245431661 0.017422960981726646 0.004179714508354664 0.016718858033418656
271 19.43772235326469 0.003874859128147364 0.015499436512589455 0.004162855204194784 0.016651420816779137
272 19.693638073280454 0.0038098912462592124 0.01523956498503685 0.004129809960722923 0.016519239842891692
273 19.759866796433926 0.004310795713216066 0.017243182852864265 0.0043050538934767246 0.017220215573906898
274 19.799536127597094 0.0036030244678258894 0.014412097871303558 0.004824856258928776 0.019299425035715103
275 19.63117534853518 0.004290985263884067 0.01716394105553627 0.004627281278371811 0.018509125113487245
276 19.81269703619182 0.005098665755242109 0.020394663020968436 0.0060747555643320085 0.024299022257328034
277 19.578483937308192 0.0037934701777994633 0.015173880711197853 0.004164552222937346 0.016658208891749383
278 19.725347073748708 0.003727335512638092 0.014909342050552369 0.004502239674329758 0.01800895869731903
279 19.5183875169605 0.003945325620472431 0.015781302481889723 0.0046134966611862185 0.018453986644744874
280 19.604138616472483 0.003670400146394968 0.014681600585579872 0.004625392649322748 0.018501570597290993
281 19.447459012269974 0.0039580617249011995 0.015832246899604798 0.004818978197872639 0.019275912791490556
282 19.54874279908836 0.004139857318252325 0.0165594292730093 0.004405371677130461 0.017621486708521844
283 19.61474168486893 0.004584295034408569 0.018337180137634277 0.005951601527631283 0.023806406110525133
284 19.740942545235157 0.005697033107280731 0.022788132429122924 0.004558352660387755 0.01823341064155102
285 19.886238146573305 0.004275246907025575 0.0171009876281023 0.005308551415801048 0.021234205663204192
286 20.04348550736904 0.0038480996787548065 0.015392398715019226 0.004524972792714834 0.018099891170859337
287 20.137050926685333 0.0035473236478865146 0.014189294591546059 0.004022108092904091 0.016088432371616362
288 20.10846818983555 0.0037540093697607515 0.015016037479043006 0.004355639684945345 0.01742255873978138
289 20.206494634971023 0.004411232218146324 0.017644928872585296 0.004759686887264252 0.019038747549057006
290 19.82845190167427 0.003348540138453245 0.01339416055381298 0.0041924710385501385 0.016769884154200554
291 19.58307066000998 0.003630633521825075 0.0145225340873003 0.003967936858534813 0.01587174743413925
292 19.751097740605474 0.003886620020493865 0.01554648008197546 0.004695879202336073 0.018783516809344293
293 19.752165345475078 0.003553596116602421 0.014214384466409683 0.004118110164999962 0.016472440659999848
294 19.69159617088735 0.003549234800040722 0.014196939200162888 0.004907662151381374 0.019630648605525495
295 19.628374053165317 0.0045208277348428964 0.018083310939371586 0.0058988331817090515 0.023595332726836206
296 19.543613076210022 0.0037949831783771516 0.015179932713508607 0.004717925433069468 0.01887170173227787
297 19.528712594881654 0.0035995932780206203 0.014398373112082481 0.0052218160405755045 0.020887264162302018
298 19.694742711260915 0.003405975226312876 0.013623900905251504 0.004214140474796295 0.01685656189918518
299 19.62338654883206 0.0033274917490780354 0.013309966996312142 0.003995937630534172 0.01598375052213669
300 19.373012455180287 0.003423479925841093 0.013693919703364373 0.0040672397427260875 0.01626895897090435
301 19.74322871118784 0.002853341868147254 0.011413367472589015 0.0038541557360440492 0.015416622944176197
302 19.841347659006715 0.0033460605684667824 0.01338424227386713 0.0040558275766670706 0.016223310306668282
303 19.66963390260935 0.003083946656435728 0.012335786625742912 0.003847449980676174 0.015389799922704697
304 19.815712252631783 0.0035350150372833013 0.014140060149133205 0.0038722019083797933 0.015488807633519173
305 19.683856615796685 0.003756724916398525 0.0150268996655941 0.00481736115179956 0.01926944460719824
306 20.140103355050087 0.0028293795473873615 0.011317518189549446 0.0038713272847235203 0.015485309138894081
307 20.1997374240309 0.00361859124340117 0.01447436497360468 0.003835451677441597 0.015341806709766388
308 20.042644888162613 0.003110654667019844 0.012442618668079376 0.004349805982783437 0.01739922393113375
309 19.720857484266162 0.0036920306216925384 0.014768122486770154 0.004258845392614603 0.017035381570458412
310 19.700677080079913 0.0035766833368688824 0.01430673334747553 0.004045462682843209 0.016181850731372835
311 19.799004912376404 0.0033465918879956006 0.013386367551982402 0.004060191288590431 0.016240765154361726
312 19.834870129823685 0.0032772618960589172 0.013109047584235669 0.00397694069892168 0.01590776279568672
313 19.777931513264775 0.0034634800720959903 0.013853920288383961 0.004191331826150418 0.01676532730460167
314 19.701847540214658 0.0038208369836211205 0.015283347934484482 0.0038814637437462806 0.015525854974985123
315 19.69297844916582 0.00302579384110868 0.01210317536443472 0.003997024670243263 0.01598809868097305
316 19.544501572847366 0.0030155464224517346 0.012062185689806939 0.003844929728657007 0.015379718914628028
317 20.002252638339996 0.0029956158995628358 0.011982463598251343 0.0038106021657586097 0.015242408663034439
318 19.17126416787505 0.0035570562332868576 0.01422822493314743 0.003924531992524862 0.015698127970099448
319 19.75334009900689 0.0034957663752138613 0.013983065500855445 0.003856906211003661 0.015427624844014644
320 19.498460626229644 0.00338114732503891 0.01352458930015564 0.0039043728820979595 0.015617491528391838
321 19.701668351888657 0.0031794284768402576 0.01271771390736103 0.004323336044326425 0.0172933441773057
322 19.647193640470505 0.0032190564423799513 0.012876225769519805 0.003833183832466602 0.015332735329866409
323 19.419909309595823 0.003524917334318161 0.014099669337272644 0.004084711195901036 0.016338844783604145
324 19.868005760014057 0.0033549859132617713 0.013419943653047085 0.003944647032767534 0.015778588131070137
325 19.79977514781058 0.003232257653027773 0.012929030612111092 0.0038735023513436317 0.015494009405374527
326 20.007923271507025 0.0034038288090378044 0.013615315236151218 0.0038177664019167423 0.01527106560766697
327 20.3148130197078 0.0031514874380081893 0.012605949752032757 0.003788818791508675 0.0151552751660347
328 19.489250291138887 0.0036567801292985676 0.01462712051719427 0.005303460210561752 0.02121384084224701
329 18.523939115926623 0.0035660755578428506 0.014264302231371402 0.003837845642119646 0.015351382568478584
330 18.517992408946157 0.00376184144616127 0.01504736578464508 0.0038782448507845403 0.015512979403138161
331 17.835189446806908 0.002827313154935837 0.011309252619743347 0.003995616268366575 0.0159824650734663
332 27.550813045352697 0.003486190667375922 0.013944762669503688 0.0042582046985626225 0.01703281879425049
333 35.35395813919604 0.003776261202991009 0.015105044811964036 0.003960036151111126 0.015840144604444505
334 36.41832550987601 0.0032923792432993653 0.013169516973197461 0.004183751381933689 0.016735005527734756
335 24.135089868679643 0.003305909002199769 0.013223636008799076 0.003942218199372291 0.015768872797489165
336 18.06944014504552 0.0037870380077511074 0.01514815203100443 0.004839807040989399 0.019359228163957597
337 17.89073798060417 0.003191093347966671 0.012764373391866684 0.003845884585753083 0.015383538343012332
338 17.867893058806658 0.003186763983219862 0.012747055932879447 0.00388551096431911 0.01554204385727644
339 19.118594229221344 0.0029224134366959333 0.011689653746783733 0.00391114117577672 0.01564456470310688
340 17.95584668032825 0.003327232416719198 0.013308929666876792 0.004115821719169617 0.016463286876678467
341 19.09948755055666 0.0040360161792486905 0.016144064716994762 0.004072290984913707 0.01628916393965483
342 17.86575609073043 0.0037738213799893856 0.015095285519957542 0.0038697370514273644 0.015478948205709457
343 18.55678254365921 0.003076216470450163 0.012304865881800651 0.00390931149944663 0.01563724599778652
344 17.953611105680466 0.0030714352410286666 0.012285740964114666 0.003838334595784545 0.01535333838313818
345 17.875839157029986 0.0030500944554805757 0.012200377821922303 0.003911107685416937 0.01564443074166775
346 18.96996416337788 0.002807384742423892 0.011229538969695568 0.003841587956994772 0.015366351827979088
347 16.883726224303246 0.0031280293483287097 0.012512117393314839 0.003806973323225975 0.0152278932929039
348 18.500060664489865 0.002953326366841793 0.011813305467367172 0.003933303896337748 0.01573321558535099
349 17.89738300256431 0.003016917984932661 0.012067671939730644 0.003863000106066465 0.01545200042426586
350 18.75565538369119 0.003151812030002475 0.0126072481200099 0.0038923811819404366 0.015569524727761746
351 18.05973987467587 0.0033713992517441513 0.013485597006976605 0.003913541398942471 0.015654165595769882
352 17.570799684152007 0.003202918156981468 0.012811672627925872 0.0038486531190574168 0.015394612476229667
353 19.111296828836203 0.004051147049292922 0.016204588197171688 0.003849952770397067 0.015399811081588268
354 18.89426582492888 0.003449920929968357 0.013799683719873428 0.004755267165601254 0.019021068662405015
355 18.23043484427035 0.0037212939113378525 0.01488517564535141 0.004138863980770111 0.016555455923080446
356 19.017667153850198 0.0031834508255124093 0.012733803302049637 0.003984366171061992 0.01593746468424797
357 17.69275784306228 0.0033415094930678607 0.013366037972271443 0.004009203128516674 0.016036812514066696
358 17.9463750757277 0.003194946829229593 0.012779787316918373 0.003879089877009392 0.015516359508037567
359 19.30248631350696 0.0037899418268352745 0.015159767307341098 0.003802578207105398 0.015210312828421592
360 17.59646202251315 0.003873375626280904 0.015493502505123616 0.00477880347520113 0.01911521390080452
361 18.874816516414285 0.0049890739694237705 0.019956295877695082 0.005607334151864052 0.022429336607456208
362 18.18939978443086 0.0043102576471865175 0.01724103058874607 0.004359054993838072 0.017436219975352288
363 19.065200872719288 0.003253758281469345 0.01301503312587738 0.004154054522514343 0.016616218090057373
364 17.68210290186107 0.0034213508944958447 0.013685403577983379 0.0043434209655970335 0.017373683862388134
365 18.684710605069995 0.0033516093380749224 0.01340643735229969 0.0038354620710015297 0.015341848284006119
366 17.965174183249474 0.0033124440368264914 0.013249776147305966 0.0038279766216874123 0.01531190648674965
367 18.428847273811698 0.0035295083969831467 0.014118033587932587 0.004104532934725284 0.016418131738901137
368 19.214291997253895 0.00387545071169734 0.01550180284678936 0.003829910783097148 0.015319643132388592
369 17.72139019705355 0.0035695626735687256 0.014278250694274902 0.0039245328120887275 0.01569813124835491
370 18.35025232285261 0.0032625899016857146 0.013050359606742858 0.0037654155399650334 0.015061662159860134
371 18.934728810563684 0.0033567722383886574 0.01342708895355463 0.004064833167940378 0.016259332671761512
372 18.604375330731273 0.00375503072142601 0.01502012288570404 0.004200030034407973 0.016800120137631894
373 19.02996911853552 0.0036318990737199785 0.014527596294879914 0.004977865200489759 0.019911460801959036
374 18.69081482104957 0.0029747769068926575 0.01189910762757063 0.0041083646565675735 0.016433458626270294
375 18.067328294739127 0.0034946898799389603 0.013978759519755841 0.0038308009412139654 0.015323203764855861
376 18.400445602834225 0.003404786966741085 0.01361914786696434 0.004475878393277526 0.017903513573110104
377 18.616875145584345 0.003252315992489457 0.013009263969957828 0.004142799936234951 0.016571199744939803
378 18.74734896235168 0.0033122213818132878 0.013248885527253151 0.003954231571406126 0.015816926285624505
379 18.698744636029005 0.003263988049700856 0.013055952198803424 0.0038091722317039967 0.015236688926815987
380 18.550276217982173 0.0034371010307222604 0.013748404122889041 0.003926763571798802 0.015707054287195207
381 18.88663433305919 0.0033658781740814447 0.013463512696325779 0.0038315537478774784 0.015326214991509914
382 18.230074856430292 0.0036867835111916063 0.014747134044766425 0.004068608246743679 0.016274432986974716
383 18.784582814201713 0.004378688901662826 0.017514755606651305 0.004259062763303519 0.017036251053214074
384 18.97847174666822 0.004343883659690619 0.017375534638762475 0.005328588541597128 0.02131435416638851
385 19.040711840614676 0.0035011532697826623 0.014004613079130649 0.00403139028698206 0.01612556114792824
386 19.019867438822985 0.003435738859698176 0.013742955438792705 0.00400660140439868 0.01602640561759472
387 18.664413891732693 0.0036974158044904473 0.014789663217961789 0.004019039794802666 0.016076159179210663
388 19.033133191987872 0.0034994242824614046 0.013997697129845619 0.004011653214693069 0.016046612858772277
389 19.043541250750422 0.0033419028893113137 0.013367611557245255 0.003814318226650357 0.015257272906601428
390 18.686098128557205 0.0038619637358933688 0.015447854943573475 0.004209467452019453 0.01683786980807781
391 19.054911078885198 0.0032836762554943563 0.013134705021977425 0.0037767877336591484 0.015107150934636594
392 18.699590004980564 0.003389799667522311 0.013559198670089244 0.0038292118348181247 0.015316847339272499
393 19.08821889013052 0.0035539242904633283 0.014215697161853313 0.003923955913633108 0.015695823654532433
394 17.610053569078445 0.0036705864556133747 0.014682345822453499 0.004130131211131811 0.016520524844527245
395 18.359985068440437 0.0026515198405832052 0.010606079362332821 0.003815290378406644 0.015261161513626576
396 17.557851929217577 0.003393100805580616 0.013572403222322465 0.004001215808093548 0.01600486323237419
397 17.985667476430535 0.0033068976923823355 0.013227590769529342 0.003777977218851447 0.015111908875405788
398 18.814056346192956 0.003387045070528984 0.013548180282115936 0.00413223753683269 0.01652895014733076
399 18.53186751715839 0.0031187478974461554 0.012474991589784622 0.0037512403540313245 0.015004961416125298
400 17.750179424881935 0.003388092119246721 0.013552368476986884 0.003748641312122345 0.01499456524848938
401 18.79101638495922 0.0033998726923018694 0.013599490769207478 0.003889070972800255 0.01555628389120102
402 19.148703306913376 0.0029890451673418284 0.011956180669367314 0.003850446082651615 0.01540178433060646
403 18.470161514356732 0.0030028865970671177 0.012011546388268471 0.0038773104920983314 0.015509241968393326
404 17.82819858752191 0.0030070108193904163 0.012028043277561665 0.0037381334137171506 0.014952533654868603
405 18.358569668605924 0.0028546291682869196 0.011418516673147678 0.003761846572160721 0.015047386288642883
406 18.674160735681653 0.002708358572795987 0.010833434291183948 0.0037520793173462155 0.015008317269384862
407 18.577184027060866 0.0033420371115207674 0.01336814844608307 0.004093977101147175 0.0163759084045887
408 18.970367232337594 0.0029060988910496236 0.011624395564198494 0.003806622326374054 0.015226489305496216
409 18.06237594410777 0.0033088098727166652 0.013235239490866661 0.004036582475528121 0.016146329902112483
410 17.873463371768594 0.0036521735247224568 0.014608694098889827 0.003921665661036969 0.015686662644147874
411 18.943462252616882 0.0032185947634279727 0.012874379053711891 0.003831964619457722 0.015327858477830887
412 18.619333002716303 0.003391808116808534 0.013567232467234135 0.003913843240588903 0.015655372962355613
413 18.576198294758797 0.0029194003380835056 0.011677601352334022 0.0037259321939200163 0.014903728775680065
414 19.01039777882397 0.0031189380157738925 0.01247575206309557 0.004191745920106769 0.016766983680427075
415 18.54087814129889 0.0030802473369985818 0.012320989347994327 0.003753880923613906 0.015015523694455624
416 19.117343870922923 0.0030484603587538003 0.012193841435015201 0.004009986817836761 0.016039947271347044
417 18.34267577342689 0.0029500927180051806 0.011800370872020722 0.0038385560736060144 0.015354224294424058
418 18.997021071612835 0.00267283839546144 0.01069135358184576 0.003742138147354126 0.014968552589416505
419 19.214927822351456 0.0033052205257117747 0.013220882102847099 0.0037256940733641384 0.014902776293456554
420 17.68034635297954 0.0027620992828160523 0.01104839713126421 0.003738961508497596 0.014955846033990383
421 18.397348595783114 0.0029362263549119233 0.011744905419647693 0.003779891133308411 0.015119564533233643
422 19.000273551791906 0.0030566436741501094 0.012226574696600438 0.003982198443263769 0.015928793773055075
423 18.450261164456606 0.003367123182862997 0.013468492731451988 0.003726340075954795 0.01490536030381918
424 18.814127646386623 0.003138421406969428 0.012553685627877712 0.003872660007327795 0.01549064002931118
425 18.310360684990883 0.0029519163947552443 0.011807665579020977 0.003723170254379511 0.014892681017518044
426 18.575058912858367 0.0029963279478251933 0.011985311791300773 0.003730232818052173 0.014920931272208691
427 19.069783439859748 0.0029313951525837185 0.011725580610334874 0.0037936447653919457 0.015174579061567783
428 18.693683195859194 0.0028511115834116934 0.011404446333646774 0.003757213037461042 0.015028852149844169
429 18.41050047427416 0.0029744190741330385 0.011897676296532154 0.0037384196091443302 0.014953678436577321
430 17.247492916882038 0.0032834666054695843 0.013133866421878337 0.0037624778505414725 0.01504991140216589
431 18.314659422263503 0.002866948714479804 0.011467794857919216 0.0038132409285753966 0.015252963714301586
432 18.224368987604976 0.002842817107215524 0.011371268428862095 0.0037329452577978374 0.01493178103119135
433 17.654573049396276 0.0030774902403354646 0.012309960961341859 0.003759295791387558 0.015037183165550232
434 19.014809312298894 0.00284746965393424 0.01138987861573696 0.0037351572047919033 0.014940628819167613
435 17.445952776819468 0.0032473803665488956 0.012989521466195583 0.003999575823545456 0.015998303294181823
436 18.59062287211418 0.0032814743909984827 0.01312589756399393 0.0038178336434066297 0.015271334573626519
437 18.6380101069808 0.0029100363384932278 0.011640145353972911 0.0037722892221063375 0.01508915688842535
438 18.308080149814487 0.0031703046280890704 0.012681218512356282 0.0037711151689291 0.0150844606757164
439 17.925000242888927 0.0036295153722167013 0.014518061488866805 0.003785314783453941 0.015141259133815765
440 18.154960494488478 0.002646997291594744 0.010587989166378976 0.003776164697483182 0.015104658789932729
441 18.600335659459233 0.002806881569325924 0.011227526277303695 0.003699409477412701 0.014797637909650803
442 18.137320583686233 0.0031532741133123636 0.012613096453249454 0.0038341820053756238 0.015336728021502495
443 17.66147472895682 0.002954115180298686 0.011816460721194744 0.003761251261457801 0.015045005045831204
444 18.258213829249144 0.0030243176817893983 0.012097270727157593 0.0037061697617173195 0.014824679046869278
445 18.02915400080383 0.0030401909686625004 0.012160763874650002 0.00375460846349597 0.01501843385398388
446 17.982867477461696 0.0031868906896561386 0.012747562758624554 0.003780609257519245 0.01512243703007698
447 18.191298553720117 0.0031272354274988175 0.01250894170999527 0.003910295395180583 0.015641181580722332
448 18.306089347228408 0.0030632533114403485 0.012253013245761394 0.0038058345392346384 0.015223338156938554
449 18.231966596096754 0.0031522998008877037 0.012609199203550815 0.003915323186665773 0.015661292746663093
450 18.408692996948957 0.0034406846687197686 0.013762738674879075 0.003855761047452688 0.015423044189810753
451 17.898769350722432 0.0030580159686505793 0.012232063874602317 0.0037591299787163735 0.015036519914865494
452 18.260579651221633 0.002687052346765995 0.01074820938706398 0.0037293918710201977 0.01491756748408079
453 19.0623265709728 0.0033642569407820702 0.013457027763128281 0.0036973085533827544 0.014789234213531018
454 18.590412084013224 0.0033483153991401195 0.013393261596560478 0.0037131777405738833 0.014852710962295533
455 18.029012463986874 0.002760341241955757 0.011041364967823028 0.0038374089263379573 0.01534963570535183
456 18.24055016413331 0.0032969991844147444 0.013187996737658978 0.003730332646518946 0.014921330586075783
457 17.621532088145614 0.0029818020388484 0.0119272081553936 0.003709378931671381 0.014837515726685523
458 18.127452993765473 0.0025966599471867083 0.010386639788746833 0.0037533890828490256 0.015013556331396102
459 17.20024760067463 0.003110947148874402 0.012443788595497609 0.0038480017334222793 0.015392006933689117
460 18.188355833292007 0.003099267542362213 0.012397070169448852 0.003750466462224722 0.015001865848898888
461 18.070827051997185 0.00278574182651937 0.01114296730607748 0.0038292290829122066 0.015316916331648826
462 18.127582861110568 0.0027543992325663566 0.011017596930265426 0.003809659983962774 0.015238639935851096
463 17.835996432229877 0.003490637231618166 0.013962548926472664 0.0038534419424831865 0.015413767769932746
464 18.390829162672162 0.0029533243887126448 0.011813297554850579 0.0038148515671491624 0.01525940626859665
465 17.755582474172115 0.002795913524925709 0.011183654099702836 0.003756001312285662 0.015024005249142647
466 17.783670529723167 0.002680588385090232 0.010722353540360928 0.0036932493653148413 0.014772997461259365
467 18.21736324392259 0.0030214582197368146 0.012085832878947258 0.0037855783849954604 0.015142313539981841
468 17.651535622775555 0.003276653012260795 0.01310661204904318 0.0038303632102906706 0.015321452841162682
469 18.183394696563482 0.002666962694376707 0.010667850777506828 0.004980060439556837 0.019920241758227347
470 18.20045573078096 0.0029373732432723047 0.011749492973089219 0.0036889804806560277 0.01475592192262411
471 17.920599959790707 0.0031031282637268304 0.012412513054907322 0.0038273825682699682 0.015309530273079873
472 17.967781104147434 0.002855244357138872 0.011420977428555489 0.0039396108034998175 0.01575844321399927
473 18.590919114649296 0.0029679958820343017 0.011871983528137207 0.004008354600518942 0.01603341840207577
474 18.093621047213674 0.0025478727500885725 0.01019149100035429 0.003723622215911746 0.014894488863646985
475 17.98463768698275 0.0031566267758607863 0.012626507103443145 0.003821188136935234 0.015284752547740936
476 18.273300539702177 0.003211763296276331 0.012847053185105324 0.003756871409714222 0.015027485638856888
477 18.25395959801972 0.0032570912856608627 0.013028365142643451 0.003752869125455618 0.015011476501822472
478 18.614395409822464 0.003367706911638379 0.013470827646553517 0.0038954863511025907 0.015581945404410363
479 18.05368646979332 0.0029642703011631966 0.011857081204652786 0.003874174617230892 0.015496698468923568
480 18.500121135264635 0.0034857743810862304 0.013943097524344921 0.0037997435219585896 0.015198974087834358
481 18.312313701957464 0.0031907168719917537 0.012762867487967015 0.0037024355866014957 0.014809742346405983
482 18.95137070119381 0.002889872319996357 0.011559489279985428 0.003688922319561243 0.014755689278244973
483 17.918868739157915 0.0029893803372979164 0.011957521349191666 0.003702050969004631 0.014808203876018524
484 19.189898811280727 0.003172460366040468 0.012689841464161872 0.0037713023088872433 0.015085209235548973
485 19.111764715984464 0.0029460772275924684 0.011784308910369874 0.0038986275903880596 0.015594510361552238
486 19.03524993546307 0.003205598186701536 0.012822392746806145 0.0037835513427853583 0.015134205371141433
487 19.174130652099848 0.003375061647966504 0.013500246591866017 0.003693012846633792 0.014772051386535168
488 18.725699679926038 0.003019534094259143 0.012078136377036572 0.004042221689596772 0.01616888675838709
489 17.771414764225483 0.0035293691791594027 0.01411747671663761 0.003890334600582719 0.015561338402330876
490 17.452073339372873 0.0033570376001298427 0.013428150400519371 0.003730144975706935 0.01492057990282774
491 18.390676962211728 0.0032071743290871383 0.012828697316348553 0.003725770069286227 0.014903080277144909
492 18.1378305349499 0.0031384132746607066 0.012553653098642826 0.004137744111940265 0.01655097644776106
493 17.294201770797372 0.0028938243333250283 0.011575297333300113 0.0038023058511316775 0.01520922340452671
494 18.722717728465796 0.0029113628435879944 0.011645451374351978 0.0037275086995214226 0.01491003479808569
495 17.48418934829533 0.002800493849441409 0.011201975397765636 0.003720836639404297 0.014883346557617187
496 18.414442278444767 0.0034821679424494505 0.013928671769797802 0.003742274446412921 0.014969097785651683
497 17.353195317089558 0.003182701112702489 0.012730804450809955 0.003799561578780413 0.015198246315121651
498 18.578858142718673 0.003111737448722124 0.012446949794888496 0.003776370156556368 0.015105480626225472
499 18.516371492296457 0.0031763174403458836 0.012705269761383534 0.00379636550322175 0.015185462012887
